{"/Users/jirihermann/Documents/workspace-fullstack/visualizer-for-coroutines/frontend/src/components/CoroutineNodeEnhanced.tsx": {"path":"/Users/jirihermann/Documents/workspace-fullstack/visualizer-for-coroutines/frontend/src/components/CoroutineNodeEnhanced.tsx","statementMap":{"0":{"start":{"line":26,"column":2},"end":{"line":84,"column":null}},"1":{"start":{"line":72,"column":49},"end":{"line":73,"column":29}},"2":{"start":{"line":97,"column":21},"end":{"line":97,"column":null}},"3":{"start":{"line":98,"column":24},"end":{"line":98,"column":null}},"4":{"start":{"line":99,"column":20},"end":{"line":99,"column":null}},"5":{"start":{"line":101,"column":2},"end":{"line":101,"column":null}},"6":{"start":{"line":101,"column":23},"end":{"line":101,"column":null}},"7":{"start":{"line":103,"column":24},"end":{"line":103,"column":null}},"8":{"start":{"line":104,"column":27},"end":{"line":104,"column":null}},"9":{"start":{"line":106,"column":2},"end":{"line":130,"column":null}},"10":{"start":{"line":147,"column":2},"end":{"line":176,"column":null}},"11":{"start":{"line":151,"column":21},"end":{"line":151,"column":null}}},"fnMap":{"0":{"name":"EnhancedNodeBadges","decl":{"start":{"line":25,"column":16},"end":{"line":25,"column":35}},"loc":{"start":{"line":25,"column":68},"end":{"line":90,"column":null}},"line":25},"1":{"name":"(anonymous_1)","decl":{"start":{"line":72,"column":41},"end":{"line":72,"column":42}},"loc":{"start":{"line":72,"column":49},"end":{"line":73,"column":29}},"line":72},"2":{"name":"TimeMetricsBar","decl":{"start":{"line":96,"column":16},"end":{"line":96,"column":31}},"loc":{"start":{"line":96,"column":64},"end":{"line":134,"column":null}},"line":96},"3":{"name":"EnhancedCoroutineNodeCard","decl":{"start":{"line":140,"column":16},"end":{"line":140,"column":42}},"loc":{"start":{"line":146,"column":1},"end":{"line":181,"column":null}},"line":146},"4":{"name":"(anonymous_4)","decl":{"start":{"line":151,"column":15},"end":{"line":151,"column":21}},"loc":{"start":{"line":151,"column":21},"end":{"line":151,"column":null}},"line":151}},"branchMap":{"0":{"loc":{"start":{"line":29,"column":7},"end":{"line":31,"column":null}},"type":"binary-expr","locations":[{"start":{"line":29,"column":7},"end":{"line":29,"column":26}},{"start":{"line":29,"column":26},"end":{"line":31,"column":null}}],"line":29},"1":{"loc":{"start":{"line":36,"column":7},"end":{"line":38,"column":null}},"type":"binary-expr","locations":[{"start":{"line":36,"column":7},"end":{"line":36,"column":40}},{"start":{"line":36,"column":40},"end":{"line":36,"column":null}},{"start":{"line":36,"column":65},"end":{"line":38,"column":null}}],"line":36},"2":{"loc":{"start":{"line":43,"column":8},"end":{"line":61,"column":null}},"type":"binary-expr","locations":[{"start":{"line":43,"column":8},"end":{"line":43,"column":41}},{"start":{"line":43,"column":41},"end":{"line":43,"column":72}},{"start":{"line":43,"column":72},"end":{"line":61,"column":null}}],"line":43},"3":{"loc":{"start":{"line":47,"column":15},"end":{"line":49,"column":null}},"type":"binary-expr","locations":[{"start":{"line":47,"column":15},"end":{"line":47,"column":null}},{"start":{"line":47,"column":35},"end":{"line":49,"column":null}}],"line":47},"4":{"loc":{"start":{"line":52,"column":15},"end":{"line":54,"column":null}},"type":"binary-expr","locations":[{"start":{"line":52,"column":15},"end":{"line":52,"column":null}},{"start":{"line":52,"column":38},"end":{"line":54,"column":null}}],"line":52},"5":{"loc":{"start":{"line":61,"column":29},"end":{"line":61,"column":54}},"type":"binary-expr","locations":[{"start":{"line":61,"column":29},"end":{"line":61,"column":44}},{"start":{"line":61,"column":48},"end":{"line":61,"column":54}}],"line":61},"6":{"loc":{"start":{"line":61,"column":54},"end":{"line":61,"column":null}},"type":"binary-expr","locations":[{"start":{"line":61,"column":54},"end":{"line":61,"column":72}},{"start":{"line":61,"column":76},"end":{"line":61,"column":null}}],"line":61},"7":{"loc":{"start":{"line":67,"column":7},"end":{"line":84,"column":null}},"type":"binary-expr","locations":[{"start":{"line":67,"column":7},"end":{"line":67,"column":28}},{"start":{"line":67,"column":32},"end":{"line":67,"column":null}},{"start":{"line":67,"column":63},"end":{"line":84,"column":null}}],"line":67},"8":{"loc":{"start":{"line":84,"column":54},"end":{"line":84,"column":null}},"type":"cond-expr","locations":[{"start":{"line":84,"column":89},"end":{"line":84,"column":95}},{"start":{"line":84,"column":95},"end":{"line":84,"column":null}}],"line":84},"9":{"loc":{"start":{"line":97,"column":21},"end":{"line":97,"column":null}},"type":"binary-expr","locations":[{"start":{"line":97,"column":21},"end":{"line":97,"column":36}},{"start":{"line":97,"column":40},"end":{"line":97,"column":null}}],"line":97},"10":{"loc":{"start":{"line":98,"column":24},"end":{"line":98,"column":null}},"type":"binary-expr","locations":[{"start":{"line":98,"column":24},"end":{"line":98,"column":42}},{"start":{"line":98,"column":46},"end":{"line":98,"column":null}}],"line":98},"11":{"loc":{"start":{"line":101,"column":2},"end":{"line":101,"column":null}},"type":"if","locations":[{"start":{"line":101,"column":2},"end":{"line":101,"column":null}},{"start":{},"end":{}}],"line":101},"12":{"loc":{"start":{"line":156,"column":46},"end":{"line":156,"column":null}},"type":"binary-expr","locations":[{"start":{"line":156,"column":46},"end":{"line":156,"column":55}},{"start":{"line":156,"column":59},"end":{"line":156,"column":null}}],"line":156}},"s":{"0":0,"1":0,"2":0,"3":0,"4":0,"5":0,"6":0,"7":0,"8":0,"9":0,"10":0,"11":0},"f":{"0":0,"1":0,"2":0,"3":0,"4":0},"b":{"0":[0,0],"1":[0,0,0],"2":[0,0,0],"3":[0,0],"4":[0,0],"5":[0,0],"6":[0,0],"7":[0,0,0],"8":[0,0],"9":[0,0],"10":[0,0],"11":[0,0],"12":[0,0]},"meta":{"lastBranch":13,"lastFunction":5,"lastStatement":12,"seen":{"f:25:16:25:35":0,"s:26:2:84:Infinity":0,"b:29:7:29:26:29:26:31:Infinity":0,"b:36:7:36:40:36:40:36:Infinity:36:65:38:Infinity":1,"b:43:8:43:41:43:41:43:72:43:72:61:Infinity":2,"b:47:15:47:Infinity:47:35:49:Infinity":3,"b:52:15:52:Infinity:52:38:54:Infinity":4,"b:61:29:61:44:61:48:61:54":5,"b:61:54:61:72:61:76:61:Infinity":6,"b:67:7:67:28:67:32:67:Infinity:67:63:84:Infinity":7,"f:72:41:72:42":1,"s:72:49:73:29":1,"b:84:89:84:95:84:95:84:Infinity":8,"f:96:16:96:31":2,"s:97:21:97:Infinity":2,"b:97:21:97:36:97:40:97:Infinity":9,"s:98:24:98:Infinity":3,"b:98:24:98:42:98:46:98:Infinity":10,"s:99:20:99:Infinity":4,"b:101:2:101:Infinity:undefined:undefined:undefined:undefined":11,"s:101:2:101:Infinity":5,"s:101:23:101:Infinity":6,"s:103:24:103:Infinity":7,"s:104:27:104:Infinity":8,"s:106:2:130:Infinity":9,"f:140:16:140:42":3,"s:147:2:176:Infinity":10,"f:151:15:151:21":4,"s:151:21:151:Infinity":11,"b:156:46:156:55:156:59:156:Infinity":12}}}
,"/Users/jirihermann/Documents/workspace-fullstack/visualizer-for-coroutines/frontend/src/components/CoroutineTimelineView.tsx": {"path":"/Users/jirihermann/Documents/workspace-fullstack/visualizer-for-coroutines/frontend/src/components/CoroutineTimelineView.tsx","statementMap":{"0":{"start":{"line":13,"column":37},"end":{"line":13,"column":null}},"1":{"start":{"line":14,"column":8},"end":{"line":14,"column":null}},"2":{"start":{"line":15,"column":8},"end":{"line":15,"column":null}},"3":{"start":{"line":17,"column":2},"end":{"line":30,"column":null}},"4":{"start":{"line":18,"column":4},"end":{"line":24,"column":null}},"5":{"start":{"line":32,"column":2},"end":{"line":42,"column":null}},"6":{"start":{"line":33,"column":4},"end":{"line":36,"column":null}},"7":{"start":{"line":44,"column":2},"end":{"line":158,"column":49}},"8":{"start":{"line":124,"column":44},"end":{"line":125,"column":29}},"9":{"start":{"line":157,"column":41},"end":{"line":158,"column":49}},"10":{"start":{"line":180,"column":23},"end":{"line":185,"column":null}},"11":{"start":{"line":187,"column":2},"end":{"line":196,"column":null}},"12":{"start":{"line":204,"column":24},"end":{"line":210,"column":null}},"13":{"start":{"line":205,"column":4},"end":{"line":205,"column":null}},"14":{"start":{"line":205,"column":70},"end":{"line":205,"column":null}},"15":{"start":{"line":206,"column":4},"end":{"line":206,"column":null}},"16":{"start":{"line":206,"column":40},"end":{"line":206,"column":null}},"17":{"start":{"line":207,"column":4},"end":{"line":207,"column":null}},"18":{"start":{"line":207,"column":40},"end":{"line":207,"column":null}},"19":{"start":{"line":208,"column":4},"end":{"line":208,"column":null}},"20":{"start":{"line":208,"column":71},"end":{"line":208,"column":null}},"21":{"start":{"line":209,"column":4},"end":{"line":209,"column":null}},"22":{"start":{"line":212,"column":2},"end":{"line":270,"column":null}}},"fnMap":{"0":{"name":"CoroutineTimelineView","decl":{"start":{"line":12,"column":16},"end":{"line":12,"column":38}},"loc":{"start":{"line":12,"column":92},"end":{"line":165,"column":null}},"line":12},"1":{"name":"(anonymous_1)","decl":{"start":{"line":124,"column":36},"end":{"line":124,"column":37}},"loc":{"start":{"line":124,"column":44},"end":{"line":125,"column":29}},"line":124},"2":{"name":"(anonymous_2)","decl":{"start":{"line":157,"column":33},"end":{"line":157,"column":34}},"loc":{"start":{"line":157,"column":41},"end":{"line":158,"column":49}},"line":157},"3":{"name":"StatCard","decl":{"start":{"line":167,"column":9},"end":{"line":167,"column":18}},"loc":{"start":{"line":179,"column":1},"end":{"line":201,"column":null}},"line":179},"4":{"name":"TimelineEventCard","decl":{"start":{"line":203,"column":9},"end":{"line":203,"column":27}},"loc":{"start":{"line":203,"column":87},"end":{"line":278,"column":null}},"line":203},"5":{"name":"(anonymous_5)","decl":{"start":{"line":204,"column":24},"end":{"line":204,"column":25}},"loc":{"start":{"line":204,"column":25},"end":{"line":210,"column":null}},"line":204}},"branchMap":{"0":{"loc":{"start":{"line":17,"column":2},"end":{"line":30,"column":null}},"type":"if","locations":[{"start":{"line":17,"column":2},"end":{"line":30,"column":null}},{"start":{},"end":{}}],"line":17},"1":{"loc":{"start":{"line":32,"column":2},"end":{"line":42,"column":null}},"type":"if","locations":[{"start":{"line":32,"column":2},"end":{"line":42,"column":null}},{"start":{},"end":{}}],"line":32},"2":{"loc":{"start":{"line":50,"column":61},"end":{"line":50,"column":null}},"type":"binary-expr","locations":[{"start":{"line":50,"column":61},"end":{"line":50,"column":74}},{"start":{"line":50,"column":78},"end":{"line":50,"column":null}}],"line":50},"3":{"loc":{"start":{"line":114,"column":7},"end":{"line":125,"column":29}},"type":"binary-expr","locations":[{"start":{"line":114,"column":7},"end":{"line":114,"column":null}},{"start":{"line":114,"column":33},"end":{"line":125,"column":29}}],"line":114},"4":{"loc":{"start":{"line":131,"column":21},"end":{"line":134,"column":null}},"type":"binary-expr","locations":[{"start":{"line":131,"column":21},"end":{"line":131,"column":35}},{"start":{"line":131,"column":35},"end":{"line":134,"column":null}}],"line":131},"5":{"loc":{"start":{"line":134,"column":25},"end":{"line":134,"column":null}},"type":"binary-expr","locations":[{"start":{"line":134,"column":25},"end":{"line":134,"column":41}},{"start":{"line":134,"column":45},"end":{"line":134,"column":null}}],"line":134},"6":{"loc":{"start":{"line":137,"column":21},"end":{"line":139,"column":null}},"type":"binary-expr","locations":[{"start":{"line":137,"column":21},"end":{"line":137,"column":35}},{"start":{"line":137,"column":35},"end":{"line":139,"column":null}}],"line":137},"7":{"loc":{"start":{"line":172,"column":2},"end":{"line":172,"column":19}},"type":"default-arg","locations":[{"start":{"line":172,"column":10},"end":{"line":172,"column":19}}],"line":172},"8":{"loc":{"start":{"line":196,"column":11},"end":{"line":196,"column":null}},"type":"binary-expr","locations":[{"start":{"line":196,"column":11},"end":{"line":196,"column":23}},{"start":{"line":196,"column":11},"end":{"line":196,"column":null}}],"line":196},"9":{"loc":{"start":{"line":205,"column":4},"end":{"line":205,"column":null}},"type":"if","locations":[{"start":{"line":205,"column":4},"end":{"line":205,"column":null}},{"start":{},"end":{}}],"line":205},"10":{"loc":{"start":{"line":205,"column":8},"end":{"line":205,"column":70}},"type":"binary-expr","locations":[{"start":{"line":205,"column":8},"end":{"line":205,"column":40}},{"start":{"line":205,"column":40},"end":{"line":205,"column":70}}],"line":205},"11":{"loc":{"start":{"line":206,"column":4},"end":{"line":206,"column":null}},"type":"if","locations":[{"start":{"line":206,"column":4},"end":{"line":206,"column":null}},{"start":{},"end":{}}],"line":206},"12":{"loc":{"start":{"line":207,"column":4},"end":{"line":207,"column":null}},"type":"if","locations":[{"start":{"line":207,"column":4},"end":{"line":207,"column":null}},{"start":{},"end":{}}],"line":207},"13":{"loc":{"start":{"line":208,"column":4},"end":{"line":208,"column":null}},"type":"if","locations":[{"start":{"line":208,"column":4},"end":{"line":208,"column":null}},{"start":{},"end":{}}],"line":208},"14":{"loc":{"start":{"line":208,"column":8},"end":{"line":208,"column":71}},"type":"binary-expr","locations":[{"start":{"line":208,"column":8},"end":{"line":208,"column":39}},{"start":{"line":208,"column":39},"end":{"line":208,"column":71}}],"line":208},"15":{"loc":{"start":{"line":217,"column":9},"end":{"line":217,"column":null}},"type":"binary-expr","locations":[{"start":{"line":217,"column":9},"end":{"line":217,"column":20}},{"start":{"line":217,"column":10},"end":{"line":217,"column":null}}],"line":217},"16":{"loc":{"start":{"line":232,"column":13},"end":{"line":238,"column":null}},"type":"binary-expr","locations":[{"start":{"line":232,"column":13},"end":{"line":232,"column":29}},{"start":{"line":232,"column":29},"end":{"line":238,"column":null}}],"line":232},"17":{"loc":{"start":{"line":236,"column":17},"end":{"line":238,"column":null}},"type":"binary-expr","locations":[{"start":{"line":236,"column":17},"end":{"line":236,"column":37}},{"start":{"line":236,"column":37},"end":{"line":238,"column":null}}],"line":236},"18":{"loc":{"start":{"line":245,"column":13},"end":{"line":258,"column":null}},"type":"binary-expr","locations":[{"start":{"line":245,"column":13},"end":{"line":245,"column":34}},{"start":{"line":245,"column":34},"end":{"line":258,"column":null}}],"line":245},"19":{"loc":{"start":{"line":255,"column":19},"end":{"line":258,"column":null}},"type":"binary-expr","locations":[{"start":{"line":255,"column":19},"end":{"line":255,"column":49}},{"start":{"line":255,"column":49},"end":{"line":258,"column":null}}],"line":255},"20":{"loc":{"start":{"line":258,"column":23},"end":{"line":258,"column":null}},"type":"binary-expr","locations":[{"start":{"line":258,"column":23},"end":{"line":258,"column":55}},{"start":{"line":258,"column":59},"end":{"line":258,"column":null}}],"line":258},"21":{"loc":{"start":{"line":268,"column":13},"end":{"line":270,"column":null}},"type":"binary-expr","locations":[{"start":{"line":268,"column":13},"end":{"line":268,"column":27}},{"start":{"line":268,"column":27},"end":{"line":270,"column":null}}],"line":268}},"s":{"0":0,"1":0,"2":0,"3":0,"4":0,"5":0,"6":0,"7":0,"8":0,"9":0,"10":0,"11":0,"12":0,"13":0,"14":0,"15":0,"16":0,"17":0,"18":0,"19":0,"20":0,"21":0,"22":0},"f":{"0":0,"1":0,"2":0,"3":0,"4":0,"5":0},"b":{"0":[0,0],"1":[0,0],"2":[0,0],"3":[0,0],"4":[0,0],"5":[0,0],"6":[0,0],"7":[0],"8":[0,0],"9":[0,0],"10":[0,0],"11":[0,0],"12":[0,0],"13":[0,0],"14":[0,0],"15":[0,0],"16":[0,0],"17":[0,0],"18":[0,0],"19":[0,0],"20":[0,0],"21":[0,0]},"meta":{"lastBranch":22,"lastFunction":6,"lastStatement":23,"seen":{"f:12:16:12:38":0,"s:13:37:13:Infinity":0,"s:14:8:14:Infinity":1,"s:15:8:15:Infinity":2,"b:17:2:30:Infinity:undefined:undefined:undefined:undefined":0,"s:17:2:30:Infinity":3,"s:18:4:24:Infinity":4,"b:32:2:42:Infinity:undefined:undefined:undefined:undefined":1,"s:32:2:42:Infinity":5,"s:33:4:36:Infinity":6,"s:44:2:158:49":7,"b:50:61:50:74:50:78:50:Infinity":2,"b:114:7:114:Infinity:114:33:125:29":3,"f:124:36:124:37":1,"s:124:44:125:29":8,"b:131:21:131:35:131:35:134:Infinity":4,"b:134:25:134:41:134:45:134:Infinity":5,"b:137:21:137:35:137:35:139:Infinity":6,"f:157:33:157:34":2,"s:157:41:158:49":9,"f:167:9:167:18":3,"b:172:10:172:19":7,"s:180:23:185:Infinity":10,"s:187:2:196:Infinity":11,"b:196:11:196:23:196:11:196:Infinity":8,"f:203:9:203:27":4,"s:204:24:210:Infinity":12,"f:204:24:204:25":5,"b:205:4:205:Infinity:undefined:undefined:undefined:undefined":9,"s:205:4:205:Infinity":13,"b:205:8:205:40:205:40:205:70":10,"s:205:70:205:Infinity":14,"b:206:4:206:Infinity:undefined:undefined:undefined:undefined":11,"s:206:4:206:Infinity":15,"s:206:40:206:Infinity":16,"b:207:4:207:Infinity:undefined:undefined:undefined:undefined":12,"s:207:4:207:Infinity":17,"s:207:40:207:Infinity":18,"b:208:4:208:Infinity:undefined:undefined:undefined:undefined":13,"s:208:4:208:Infinity":19,"b:208:8:208:39:208:39:208:71":14,"s:208:71:208:Infinity":20,"s:209:4:209:Infinity":21,"s:212:2:270:Infinity":22,"b:217:9:217:20:217:10:217:Infinity":15,"b:232:13:232:29:232:29:238:Infinity":16,"b:236:17:236:37:236:37:238:Infinity":17,"b:245:13:245:34:245:34:258:Infinity":18,"b:255:19:255:49:255:49:258:Infinity":19,"b:258:23:258:55:258:59:258:Infinity":20,"b:268:13:268:27:268:27:270:Infinity":21}}}
,"/Users/jirihermann/Documents/workspace-fullstack/visualizer-for-coroutines/frontend/src/components/CoroutineTree.tsx": {"path":"/Users/jirihermann/Documents/workspace-fullstack/visualizer-for-coroutines/frontend/src/components/CoroutineTree.tsx","statementMap":{"0":{"start":{"line":13,"column":8},"end":{"line":13,"column":null}},"1":{"start":{"line":13,"column":23},"end":{"line":13,"column":61}},"2":{"start":{"line":15,"column":2},"end":{"line":21,"column":null}},"3":{"start":{"line":16,"column":4},"end":{"line":17,"column":null}},"4":{"start":{"line":23,"column":2},"end":{"line":26,"column":32}},"5":{"start":{"line":25,"column":16},"end":{"line":26,"column":32}},"6":{"start":{"line":38,"column":22},"end":{"line":38,"column":null}},"7":{"start":{"line":41,"column":22},"end":{"line":41,"column":null}},"8":{"start":{"line":44,"column":22},"end":{"line":44,"column":null}},"9":{"start":{"line":46,"column":2},"end":{"line":250,"column":33}},"10":{"start":{"line":189,"column":65},"end":{"line":189,"column":90}},"11":{"start":{"line":249,"column":25},"end":{"line":250,"column":33}},"12":{"start":{"line":268,"column":24},"end":{"line":274,"column":null}},"13":{"start":{"line":269,"column":4},"end":{"line":269,"column":null}},"14":{"start":{"line":269,"column":16},"end":{"line":269,"column":null}},"15":{"start":{"line":270,"column":4},"end":{"line":270,"column":null}},"16":{"start":{"line":270,"column":33},"end":{"line":270,"column":null}},"17":{"start":{"line":271,"column":4},"end":{"line":271,"column":null}},"18":{"start":{"line":271,"column":33},"end":{"line":271,"column":null}},"19":{"start":{"line":272,"column":4},"end":{"line":272,"column":null}},"20":{"start":{"line":272,"column":30},"end":{"line":272,"column":null}},"21":{"start":{"line":273,"column":4},"end":{"line":273,"column":null}},"22":{"start":{"line":276,"column":8},"end":{"line":294,"column":null}},"23":{"start":{"line":298,"column":2},"end":{"line":313,"column":null}},"24":{"start":{"line":299,"column":4},"end":{"line":310,"column":null}},"25":{"start":{"line":316,"column":2},"end":{"line":326,"column":null}},"26":{"start":{"line":317,"column":4},"end":{"line":323,"column":null}},"27":{"start":{"line":328,"column":2},"end":{"line":328,"column":null}},"28":{"start":{"line":335,"column":2},"end":{"line":369,"column":null}},"29":{"start":{"line":340,"column":6},"end":{"line":344,"column":null}},"30":{"start":{"line":346,"column":6},"end":{"line":350,"column":null}},"31":{"start":{"line":352,"column":6},"end":{"line":356,"column":null}},"32":{"start":{"line":358,"column":6},"end":{"line":362,"column":null}},"33":{"start":{"line":364,"column":6},"end":{"line":368,"column":null}},"34":{"start":{"line":373,"column":2},"end":{"line":422,"column":null}},"35":{"start":{"line":375,"column":6},"end":{"line":379,"column":null}},"36":{"start":{"line":381,"column":6},"end":{"line":385,"column":null}},"37":{"start":{"line":387,"column":6},"end":{"line":391,"column":null}},"38":{"start":{"line":393,"column":6},"end":{"line":397,"column":null}},"39":{"start":{"line":399,"column":6},"end":{"line":403,"column":null}},"40":{"start":{"line":405,"column":6},"end":{"line":409,"column":null}},"41":{"start":{"line":411,"column":6},"end":{"line":415,"column":null}},"42":{"start":{"line":417,"column":6},"end":{"line":421,"column":null}}},"fnMap":{"0":{"name":"CoroutineTree","decl":{"start":{"line":12,"column":16},"end":{"line":12,"column":30}},"loc":{"start":{"line":12,"column":64},"end":{"line":30,"column":null}},"line":12},"1":{"name":"(anonymous_1)","decl":{"start":{"line":13,"column":23},"end":{"line":13,"column":29}},"loc":{"start":{"line":13,"column":23},"end":{"line":13,"column":61}},"line":13},"2":{"name":"(anonymous_2)","decl":{"start":{"line":25,"column":16},"end":{"line":25,"column":null}},"loc":{"start":{"line":25,"column":16},"end":{"line":26,"column":32}},"line":25},"3":{"name":"TreeNode","decl":{"start":{"line":37,"column":9},"end":{"line":37,"column":18}},"loc":{"start":{"line":37,"column":48},"end":{"line":254,"column":null}},"line":37},"4":{"name":"(anonymous_4)","decl":{"start":{"line":189,"column":60},"end":{"line":189,"column":65}},"loc":{"start":{"line":189,"column":65},"end":{"line":189,"column":90}},"line":189},"5":{"name":"(anonymous_5)","decl":{"start":{"line":249,"column":25},"end":{"line":249,"column":null}},"loc":{"start":{"line":249,"column":25},"end":{"line":250,"column":33}},"line":249},"6":{"name":"JobPropertyBadge","decl":{"start":{"line":259,"column":9},"end":{"line":259,"column":26}},"loc":{"start":{"line":267,"column":1},"end":{"line":329,"column":null}},"line":267},"7":{"name":"(anonymous_7)","decl":{"start":{"line":268,"column":24},"end":{"line":268,"column":null}},"loc":{"start":{"line":268,"column":24},"end":{"line":274,"column":null}},"line":268},"8":{"name":"deriveJobState","decl":{"start":{"line":334,"column":9},"end":{"line":334,"column":24}},"loc":{"start":{"line":334,"column":46},"end":{"line":370,"column":null}},"line":334},"9":{"name":"getStateConfig","decl":{"start":{"line":372,"column":9},"end":{"line":372,"column":24}},"loc":{"start":{"line":372,"column":37},"end":{"line":423,"column":null}},"line":372}},"branchMap":{"0":{"loc":{"start":{"line":15,"column":2},"end":{"line":21,"column":null}},"type":"if","locations":[{"start":{"line":15,"column":2},"end":{"line":21,"column":null}},{"start":{},"end":{}}],"line":15},"1":{"loc":{"start":{"line":41,"column":22},"end":{"line":41,"column":null}},"type":"binary-expr","locations":[{"start":{"line":41,"column":22},"end":{"line":41,"column":49}},{"start":{"line":41,"column":49},"end":{"line":41,"column":null}}],"line":41},"2":{"loc":{"start":{"line":44,"column":22},"end":{"line":44,"column":null}},"type":"binary-expr","locations":[{"start":{"line":44,"column":22},"end":{"line":44,"column":49}},{"start":{"line":44,"column":49},"end":{"line":44,"column":null}}],"line":44},"3":{"loc":{"start":{"line":52,"column":15},"end":{"line":52,"column":null}},"type":"cond-expr","locations":[{"start":{"line":52,"column":29},"end":{"line":52,"column":50}},{"start":{"line":52,"column":50},"end":{"line":52,"column":null}}],"line":52},"4":{"loc":{"start":{"line":56,"column":15},"end":{"line":60,"column":null}},"type":"cond-expr","locations":[{"start":{"line":56,"column":29},"end":{"line":60,"column":12}},{"start":{"line":60,"column":12},"end":{"line":60,"column":null}}],"line":56},"5":{"loc":{"start":{"line":66,"column":10},"end":{"line":74,"column":null}},"type":"cond-expr","locations":[{"start":{"line":67,"column":14},"end":{"line":73,"column":null}},{"start":{"line":74,"column":14},"end":{"line":74,"column":null}}],"line":66},"6":{"loc":{"start":{"line":77,"column":10},"end":{"line":83,"column":null}},"type":"cond-expr","locations":[{"start":{"line":78,"column":14},"end":{"line":82,"column":null}},{"start":{"line":83,"column":14},"end":{"line":83,"column":null}}],"line":77},"7":{"loc":{"start":{"line":79,"column":26},"end":{"line":79,"column":null}},"type":"cond-expr","locations":[{"start":{"line":79,"column":66},"end":{"line":79,"column":72}},{"start":{"line":79,"column":72},"end":{"line":79,"column":null}}],"line":79},"8":{"loc":{"start":{"line":93,"column":20},"end":{"line":97,"column":null}},"type":"cond-expr","locations":[{"start":{"line":94,"column":24},"end":{"line":94,"column":null}},{"start":{"line":95,"column":24},"end":{"line":97,"column":null}}],"line":93},"9":{"loc":{"start":{"line":95,"column":24},"end":{"line":97,"column":null}},"type":"cond-expr","locations":[{"start":{"line":96,"column":24},"end":{"line":96,"column":null}},{"start":{"line":97,"column":24},"end":{"line":97,"column":null}}],"line":95},"10":{"loc":{"start":{"line":100,"column":20},"end":{"line":104,"column":null}},"type":"cond-expr","locations":[{"start":{"line":101,"column":24},"end":{"line":101,"column":null}},{"start":{"line":102,"column":24},"end":{"line":104,"column":null}}],"line":100},"11":{"loc":{"start":{"line":102,"column":24},"end":{"line":104,"column":null}},"type":"cond-expr","locations":[{"start":{"line":103,"column":24},"end":{"line":103,"column":null}},{"start":{"line":104,"column":24},"end":{"line":104,"column":null}}],"line":102},"12":{"loc":{"start":{"line":111,"column":21},"end":{"line":111,"column":null}},"type":"binary-expr","locations":[{"start":{"line":111,"column":21},"end":{"line":111,"column":31}},{"start":{"line":111,"column":35},"end":{"line":111,"column":null}}],"line":111},"13":{"loc":{"start":{"line":124,"column":20},"end":{"line":129,"column":null}},"type":"cond-expr","locations":[{"start":{"line":124,"column":20},"end":{"line":129,"column":null}},{"start":{"line":129,"column":24},"end":{"line":129,"column":null}}],"line":124},"14":{"loc":{"start":{"line":144,"column":19},"end":{"line":151,"column":null}},"type":"binary-expr","locations":[{"start":{"line":144,"column":19},"end":{"line":144,"column":54}},{"start":{"line":144,"column":54},"end":{"line":151,"column":null}}],"line":144},"15":{"loc":{"start":{"line":172,"column":19},"end":{"line":174,"column":null}},"type":"binary-expr","locations":[{"start":{"line":172,"column":19},"end":{"line":172,"column":null}},{"start":{"line":172,"column":42},"end":{"line":174,"column":null}}],"line":172},"16":{"loc":{"start":{"line":182,"column":13},"end":{"line":192,"column":null}},"type":"binary-expr","locations":[{"start":{"line":182,"column":13},"end":{"line":182,"column":null}},{"start":{"line":182,"column":28},"end":{"line":192,"column":null}}],"line":182},"17":{"loc":{"start":{"line":199,"column":13},"end":{"line":216,"column":null}},"type":"binary-expr","locations":[{"start":{"line":199,"column":13},"end":{"line":199,"column":null}},{"start":{"line":199,"column":28},"end":{"line":216,"column":null}}],"line":199},"18":{"loc":{"start":{"line":223,"column":13},"end":{"line":240,"column":null}},"type":"binary-expr","locations":[{"start":{"line":223,"column":13},"end":{"line":223,"column":null}},{"start":{"line":223,"column":28},"end":{"line":240,"column":null}}],"line":223},"19":{"loc":{"start":{"line":262,"column":2},"end":{"line":262,"column":18}},"type":"default-arg","locations":[{"start":{"line":262,"column":13},"end":{"line":262,"column":18}}],"line":262},"20":{"loc":{"start":{"line":269,"column":4},"end":{"line":269,"column":null}},"type":"if","locations":[{"start":{"line":269,"column":4},"end":{"line":269,"column":null}},{"start":{},"end":{}}],"line":269},"21":{"loc":{"start":{"line":270,"column":4},"end":{"line":270,"column":null}},"type":"if","locations":[{"start":{"line":270,"column":4},"end":{"line":270,"column":null}},{"start":{},"end":{}}],"line":270},"22":{"loc":{"start":{"line":271,"column":4},"end":{"line":271,"column":null}},"type":"if","locations":[{"start":{"line":271,"column":4},"end":{"line":271,"column":null}},{"start":{},"end":{}}],"line":271},"23":{"loc":{"start":{"line":272,"column":4},"end":{"line":272,"column":null}},"type":"if","locations":[{"start":{"line":272,"column":4},"end":{"line":272,"column":null}},{"start":{},"end":{}}],"line":272},"24":{"loc":{"start":{"line":279,"column":15},"end":{"line":279,"column":null}},"type":"cond-expr","locations":[{"start":{"line":279,"column":23},"end":{"line":279,"column":32}},{"start":{"line":279,"column":32},"end":{"line":279,"column":null}}],"line":279},"25":{"loc":{"start":{"line":282,"column":14},"end":{"line":282,"column":null}},"type":"cond-expr","locations":[{"start":{"line":282,"column":22},"end":{"line":282,"column":27}},{"start":{"line":282,"column":27},"end":{"line":282,"column":null}}],"line":282},"26":{"loc":{"start":{"line":286,"column":8},"end":{"line":291,"column":null}},"type":"cond-expr","locations":[{"start":{"line":286,"column":20},"end":{"line":291,"column":null}},{"start":{"line":291,"column":12},"end":{"line":291,"column":null}}],"line":286},"27":{"loc":{"start":{"line":286,"column":8},"end":{"line":286,"column":null}},"type":"binary-expr","locations":[{"start":{"line":286,"column":8},"end":{"line":286,"column":20}},{"start":{"line":286,"column":20},"end":{"line":286,"column":null}}],"line":286},"28":{"loc":{"start":{"line":298,"column":2},"end":{"line":313,"column":null}},"type":"if","locations":[{"start":{"line":298,"column":2},"end":{"line":313,"column":null}},{"start":{},"end":{}}],"line":298},"29":{"loc":{"start":{"line":298,"column":6},"end":{"line":298,"column":25}},"type":"binary-expr","locations":[{"start":{"line":298,"column":6},"end":{"line":298,"column":18}},{"start":{"line":298,"column":18},"end":{"line":298,"column":25}}],"line":298},"30":{"loc":{"start":{"line":316,"column":2},"end":{"line":326,"column":null}},"type":"if","locations":[{"start":{"line":316,"column":2},"end":{"line":326,"column":null}},{"start":{},"end":{}}],"line":316},"31":{"loc":{"start":{"line":316,"column":6},"end":{"line":316,"column":40}},"type":"binary-expr","locations":[{"start":{"line":316,"column":6},"end":{"line":316,"column":33}},{"start":{"line":316,"column":33},"end":{"line":316,"column":40}}],"line":316},"32":{"loc":{"start":{"line":335,"column":2},"end":{"line":369,"column":null}},"type":"switch","locations":[{"start":{"line":336,"column":4},"end":{"line":336,"column":null}},{"start":{"line":337,"column":4},"end":{"line":337,"column":null}},{"start":{"line":338,"column":4},"end":{"line":338,"column":null}},{"start":{"line":339,"column":4},"end":{"line":344,"column":null}},{"start":{"line":345,"column":4},"end":{"line":350,"column":null}},{"start":{"line":351,"column":4},"end":{"line":356,"column":null}},{"start":{"line":357,"column":4},"end":{"line":362,"column":null}},{"start":{"line":363,"column":4},"end":{"line":368,"column":null}}],"line":335},"33":{"loc":{"start":{"line":373,"column":2},"end":{"line":422,"column":null}},"type":"switch","locations":[{"start":{"line":374,"column":4},"end":{"line":379,"column":null}},{"start":{"line":380,"column":4},"end":{"line":385,"column":null}},{"start":{"line":386,"column":4},"end":{"line":391,"column":null}},{"start":{"line":392,"column":4},"end":{"line":397,"column":null}},{"start":{"line":398,"column":4},"end":{"line":403,"column":null}},{"start":{"line":404,"column":4},"end":{"line":409,"column":null}},{"start":{"line":410,"column":4},"end":{"line":415,"column":null}},{"start":{"line":416,"column":4},"end":{"line":421,"column":null}}],"line":373}},"s":{"0":0,"1":0,"2":0,"3":0,"4":0,"5":0,"6":0,"7":0,"8":0,"9":0,"10":0,"11":0,"12":0,"13":0,"14":0,"15":0,"16":0,"17":0,"18":0,"19":0,"20":0,"21":0,"22":0,"23":0,"24":0,"25":0,"26":0,"27":0,"28":0,"29":0,"30":0,"31":0,"32":0,"33":0,"34":0,"35":0,"36":0,"37":0,"38":0,"39":0,"40":0,"41":0,"42":0},"f":{"0":0,"1":0,"2":0,"3":0,"4":0,"5":0,"6":0,"7":0,"8":0,"9":0},"b":{"0":[0,0],"1":[0,0],"2":[0,0],"3":[0,0],"4":[0,0],"5":[0,0],"6":[0,0],"7":[0,0],"8":[0,0],"9":[0,0],"10":[0,0],"11":[0,0],"12":[0,0],"13":[0,0],"14":[0,0],"15":[0,0],"16":[0,0],"17":[0,0],"18":[0,0],"19":[0],"20":[0,0],"21":[0,0],"22":[0,0],"23":[0,0],"24":[0,0],"25":[0,0],"26":[0,0],"27":[0,0],"28":[0,0],"29":[0,0],"30":[0,0],"31":[0,0],"32":[0,0,0,0,0,0,0,0],"33":[0,0,0,0,0,0,0,0]},"meta":{"lastBranch":34,"lastFunction":10,"lastStatement":43,"seen":{"f:12:16:12:30":0,"s:13:8:13:Infinity":0,"f:13:23:13:29":1,"s:13:23:13:61":1,"b:15:2:21:Infinity:undefined:undefined:undefined:undefined":0,"s:15:2:21:Infinity":2,"s:16:4:17:Infinity":3,"s:23:2:26:32":4,"f:25:16:25:Infinity":2,"s:25:16:26:32":5,"f:37:9:37:18":3,"s:38:22:38:Infinity":6,"s:41:22:41:Infinity":7,"b:41:22:41:49:41:49:41:Infinity":1,"s:44:22:44:Infinity":8,"b:44:22:44:49:44:49:44:Infinity":2,"s:46:2:250:33":9,"b:52:29:52:50:52:50:52:Infinity":3,"b:56:29:60:12:60:12:60:Infinity":4,"b:67:14:73:Infinity:74:14:74:Infinity":5,"b:78:14:82:Infinity:83:14:83:Infinity":6,"b:79:66:79:72:79:72:79:Infinity":7,"b:94:24:94:Infinity:95:24:97:Infinity":8,"b:96:24:96:Infinity:97:24:97:Infinity":9,"b:101:24:101:Infinity:102:24:104:Infinity":10,"b:103:24:103:Infinity:104:24:104:Infinity":11,"b:111:21:111:31:111:35:111:Infinity":12,"b:124:20:129:Infinity:129:24:129:Infinity":13,"b:144:19:144:54:144:54:151:Infinity":14,"b:172:19:172:Infinity:172:42:174:Infinity":15,"b:182:13:182:Infinity:182:28:192:Infinity":16,"f:189:60:189:65":4,"s:189:65:189:90":10,"b:199:13:199:Infinity:199:28:216:Infinity":17,"b:223:13:223:Infinity:223:28:240:Infinity":18,"f:249:25:249:Infinity":5,"s:249:25:250:33":11,"f:259:9:259:26":6,"b:262:13:262:18":19,"s:268:24:274:Infinity":12,"f:268:24:268:Infinity":7,"b:269:4:269:Infinity:undefined:undefined:undefined:undefined":20,"s:269:4:269:Infinity":13,"s:269:16:269:Infinity":14,"b:270:4:270:Infinity:undefined:undefined:undefined:undefined":21,"s:270:4:270:Infinity":15,"s:270:33:270:Infinity":16,"b:271:4:271:Infinity:undefined:undefined:undefined:undefined":22,"s:271:4:271:Infinity":17,"s:271:33:271:Infinity":18,"b:272:4:272:Infinity:undefined:undefined:undefined:undefined":23,"s:272:4:272:Infinity":19,"s:272:30:272:Infinity":20,"s:273:4:273:Infinity":21,"s:276:8:294:Infinity":22,"b:279:23:279:32:279:32:279:Infinity":24,"b:282:22:282:27:282:27:282:Infinity":25,"b:286:20:291:Infinity:291:12:291:Infinity":26,"b:286:8:286:20:286:20:286:Infinity":27,"b:298:2:313:Infinity:undefined:undefined:undefined:undefined":28,"s:298:2:313:Infinity":23,"b:298:6:298:18:298:18:298:25":29,"s:299:4:310:Infinity":24,"b:316:2:326:Infinity:undefined:undefined:undefined:undefined":30,"s:316:2:326:Infinity":25,"b:316:6:316:33:316:33:316:40":31,"s:317:4:323:Infinity":26,"s:328:2:328:Infinity":27,"f:334:9:334:24":8,"b:336:4:336:Infinity:337:4:337:Infinity:338:4:338:Infinity:339:4:344:Infinity:345:4:350:Infinity:351:4:356:Infinity:357:4:362:Infinity:363:4:368:Infinity":32,"s:335:2:369:Infinity":28,"s:340:6:344:Infinity":29,"s:346:6:350:Infinity":30,"s:352:6:356:Infinity":31,"s:358:6:362:Infinity":32,"s:364:6:368:Infinity":33,"f:372:9:372:24":9,"b:374:4:379:Infinity:380:4:385:Infinity:386:4:391:Infinity:392:4:397:Infinity:398:4:403:Infinity:404:4:409:Infinity:410:4:415:Infinity:416:4:421:Infinity":33,"s:373:2:422:Infinity":34,"s:375:6:379:Infinity":35,"s:381:6:385:Infinity":36,"s:387:6:391:Infinity":37,"s:393:6:397:Infinity":38,"s:399:6:403:Infinity":39,"s:405:6:409:Infinity":40,"s:411:6:415:Infinity":41,"s:417:6:421:Infinity":42}}}
,"/Users/jirihermann/Documents/workspace-fullstack/visualizer-for-coroutines/frontend/src/components/CoroutineTreeGraph.tsx": {"path":"/Users/jirihermann/Documents/workspace-fullstack/visualizer-for-coroutines/frontend/src/components/CoroutineTreeGraph.tsx","statementMap":{"0":{"start":{"line":18,"column":18},"end":{"line":18,"column":null}},"1":{"start":{"line":18,"column":37},"end":{"line":18,"column":null}},"2":{"start":{"line":21,"column":8},"end":{"line":21,"column":null}},"3":{"start":{"line":21,"column":23},"end":{"line":21,"column":61}},"4":{"start":{"line":22,"column":8},"end":{"line":24,"column":null}},"5":{"start":{"line":23,"column":10},"end":{"line":23,"column":59}},"6":{"start":{"line":23,"column":33},"end":{"line":23,"column":53}},"7":{"start":{"line":26,"column":31},"end":{"line":26,"column":null}},"8":{"start":{"line":28,"column":2},"end":{"line":34,"column":null}},"9":{"start":{"line":29,"column":4},"end":{"line":30,"column":null}},"10":{"start":{"line":36,"column":2},"end":{"line":156,"column":null}},"11":{"start":{"line":48,"column":45},"end":{"line":156,"column":null}},"12":{"start":{"line":58,"column":31},"end":{"line":58,"column":null}},"13":{"start":{"line":72,"column":31},"end":{"line":72,"column":null}},"14":{"start":{"line":82,"column":31},"end":{"line":82,"column":null}},"15":{"start":{"line":92,"column":31},"end":{"line":92,"column":null}},"16":{"start":{"line":154,"column":35},"end":{"line":156,"column":null}},"17":{"start":{"line":181,"column":22},"end":{"line":181,"column":null}},"18":{"start":{"line":182,"column":22},"end":{"line":182,"column":null}},"19":{"start":{"line":183,"column":23},"end":{"line":183,"column":null}},"20":{"start":{"line":185,"column":2},"end":{"line":516,"column":40}},"21":{"start":{"line":482,"column":45},"end":{"line":483,"column":33}},"22":{"start":{"line":515,"column":45},"end":{"line":516,"column":40}},"23":{"start":{"line":535,"column":2},"end":{"line":616,"column":null}},"24":{"start":{"line":537,"column":6},"end":{"line":545,"column":null}},"25":{"start":{"line":547,"column":6},"end":{"line":555,"column":null}},"26":{"start":{"line":557,"column":6},"end":{"line":565,"column":null}},"27":{"start":{"line":567,"column":6},"end":{"line":575,"column":null}},"28":{"start":{"line":577,"column":6},"end":{"line":585,"column":null}},"29":{"start":{"line":587,"column":6},"end":{"line":595,"column":null}},"30":{"start":{"line":597,"column":6},"end":{"line":605,"column":null}},"31":{"start":{"line":607,"column":6},"end":{"line":615,"column":null}}},"fnMap":{"0":{"name":"(anonymous_0)","decl":{"start":{"line":18,"column":18},"end":{"line":18,"column":19}},"loc":{"start":{"line":18,"column":37},"end":{"line":18,"column":null}},"line":18},"1":{"name":"CoroutineTreeGraph","decl":{"start":{"line":20,"column":16},"end":{"line":20,"column":35}},"loc":{"start":{"line":20,"column":74},"end":{"line":171,"column":null}},"line":20},"2":{"name":"(anonymous_2)","decl":{"start":{"line":21,"column":23},"end":{"line":21,"column":29}},"loc":{"start":{"line":21,"column":23},"end":{"line":21,"column":61}},"line":21},"3":{"name":"(anonymous_3)","decl":{"start":{"line":23,"column":4},"end":{"line":23,"column":10}},"loc":{"start":{"line":23,"column":10},"end":{"line":23,"column":59}},"line":23},"4":{"name":"(anonymous_4)","decl":{"start":{"line":23,"column":28},"end":{"line":23,"column":33}},"loc":{"start":{"line":23,"column":33},"end":{"line":23,"column":53}},"line":23},"5":{"name":"(anonymous_5)","decl":{"start":{"line":48,"column":9},"end":{"line":48,"column":10}},"loc":{"start":{"line":48,"column":45},"end":{"line":156,"column":null}},"line":48},"6":{"name":"(anonymous_6)","decl":{"start":{"line":58,"column":25},"end":{"line":58,"column":31}},"loc":{"start":{"line":58,"column":31},"end":{"line":58,"column":null}},"line":58},"7":{"name":"(anonymous_7)","decl":{"start":{"line":72,"column":25},"end":{"line":72,"column":31}},"loc":{"start":{"line":72,"column":31},"end":{"line":72,"column":null}},"line":72},"8":{"name":"(anonymous_8)","decl":{"start":{"line":82,"column":25},"end":{"line":82,"column":31}},"loc":{"start":{"line":82,"column":31},"end":{"line":82,"column":null}},"line":82},"9":{"name":"(anonymous_9)","decl":{"start":{"line":92,"column":25},"end":{"line":92,"column":31}},"loc":{"start":{"line":92,"column":31},"end":{"line":92,"column":null}},"line":92},"10":{"name":"(anonymous_10)","decl":{"start":{"line":154,"column":28},"end":{"line":154,"column":29}},"loc":{"start":{"line":154,"column":35},"end":{"line":156,"column":null}},"line":154},"11":{"name":"TreeNodeComponent","decl":{"start":{"line":180,"column":9},"end":{"line":180,"column":27}},"loc":{"start":{"line":180,"column":96},"end":{"line":532,"column":null}},"line":180},"12":{"name":"(anonymous_12)","decl":{"start":{"line":482,"column":37},"end":{"line":482,"column":38}},"loc":{"start":{"line":482,"column":45},"end":{"line":483,"column":33}},"line":482},"13":{"name":"(anonymous_13)","decl":{"start":{"line":515,"column":37},"end":{"line":515,"column":38}},"loc":{"start":{"line":515,"column":45},"end":{"line":516,"column":40}},"line":515},"14":{"name":"getStateConfig","decl":{"start":{"line":534,"column":9},"end":{"line":534,"column":24}},"loc":{"start":{"line":534,"column":37},"end":{"line":617,"column":null}},"line":534}},"branchMap":{"0":{"loc":{"start":{"line":18,"column":37},"end":{"line":18,"column":null}},"type":"binary-expr","locations":[{"start":{"line":18,"column":37},"end":{"line":18,"column":59}},{"start":{"line":18,"column":59},"end":{"line":18,"column":null}}],"line":18},"1":{"loc":{"start":{"line":28,"column":2},"end":{"line":34,"column":null}},"type":"if","locations":[{"start":{"line":28,"column":2},"end":{"line":34,"column":null}},{"start":{},"end":{}}],"line":28},"2":{"loc":{"start":{"line":56,"column":25},"end":{"line":56,"column":null}},"type":"cond-expr","locations":[{"start":{"line":56,"column":36},"end":{"line":56,"column":45}},{"start":{"line":56,"column":45},"end":{"line":56,"column":null}}],"line":56},"3":{"loc":{"start":{"line":57,"column":23},"end":{"line":57,"column":null}},"type":"cond-expr","locations":[{"start":{"line":57,"column":34},"end":{"line":57,"column":46}},{"start":{"line":57,"column":46},"end":{"line":57,"column":null}}],"line":57},"4":{"loc":{"start":{"line":59,"column":23},"end":{"line":59,"column":null}},"type":"cond-expr","locations":[{"start":{"line":59,"column":34},"end":{"line":59,"column":54}},{"start":{"line":59,"column":54},"end":{"line":59,"column":null}}],"line":59},"5":{"loc":{"start":{"line":61,"column":17},"end":{"line":61,"column":null}},"type":"cond-expr","locations":[{"start":{"line":61,"column":17},"end":{"line":61,"column":42}},{"start":{"line":61,"column":41},"end":{"line":61,"column":null}}],"line":61},"6":{"loc":{"start":{"line":103,"column":15},"end":{"line":122,"column":null}},"type":"binary-expr","locations":[{"start":{"line":103,"column":15},"end":{"line":103,"column":null}},{"start":{"line":103,"column":29},"end":{"line":122,"column":null}}],"line":103},"7":{"loc":{"start":{"line":122,"column":48},"end":{"line":122,"column":75}},"type":"cond-expr","locations":[{"start":{"line":122,"column":66},"end":{"line":122,"column":72}},{"start":{"line":122,"column":72},"end":{"line":122,"column":75}}],"line":122},"8":{"loc":{"start":{"line":128,"column":17},"end":{"line":140,"column":null}},"type":"binary-expr","locations":[{"start":{"line":128,"column":17},"end":{"line":128,"column":null}},{"start":{"line":128,"column":17},"end":{"line":140,"column":null}}],"line":128},"9":{"loc":{"start":{"line":180,"column":35},"end":{"line":180,"column":49}},"type":"default-arg","locations":[{"start":{"line":180,"column":44},"end":{"line":180,"column":49}}],"line":180},"10":{"loc":{"start":{"line":188,"column":7},"end":{"line":209,"column":null}},"type":"binary-expr","locations":[{"start":{"line":188,"column":7},"end":{"line":188,"column":null}},{"start":{"line":188,"column":8},"end":{"line":209,"column":null}}],"line":188},"11":{"loc":{"start":{"line":197,"column":11},"end":{"line":209,"column":null}},"type":"binary-expr","locations":[{"start":{"line":197,"column":11},"end":{"line":197,"column":null}},{"start":{"line":197,"column":31},"end":{"line":209,"column":null}}],"line":197},"12":{"loc":{"start":{"line":206,"column":26},"end":{"line":206,"column":null}},"type":"cond-expr","locations":[{"start":{"line":206,"column":66},"end":{"line":206,"column":72}},{"start":{"line":206,"column":72},"end":{"line":206,"column":null}}],"line":206},"13":{"loc":{"start":{"line":239,"column":12},"end":{"line":247,"column":null}},"type":"cond-expr","locations":[{"start":{"line":240,"column":16},"end":{"line":246,"column":null}},{"start":{"line":247,"column":16},"end":{"line":247,"column":null}}],"line":239},"14":{"loc":{"start":{"line":250,"column":12},"end":{"line":256,"column":null}},"type":"cond-expr","locations":[{"start":{"line":251,"column":16},"end":{"line":255,"column":null}},{"start":{"line":256,"column":16},"end":{"line":256,"column":null}}],"line":250},"15":{"loc":{"start":{"line":262,"column":13},"end":{"line":274,"column":null}},"type":"binary-expr","locations":[{"start":{"line":262,"column":13},"end":{"line":262,"column":null}},{"start":{"line":262,"column":33},"end":{"line":274,"column":null}}],"line":262},"16":{"loc":{"start":{"line":267,"column":27},"end":{"line":267,"column":null}},"type":"cond-expr","locations":[{"start":{"line":267,"column":67},"end":{"line":267,"column":85}},{"start":{"line":267,"column":85},"end":{"line":267,"column":null}}],"line":267},"17":{"loc":{"start":{"line":271,"column":28},"end":{"line":271,"column":null}},"type":"cond-expr","locations":[{"start":{"line":271,"column":68},"end":{"line":271,"column":72}},{"start":{"line":271,"column":72},"end":{"line":271,"column":null}}],"line":271},"18":{"loc":{"start":{"line":287,"column":18},"end":{"line":296,"column":null}},"type":"cond-expr","locations":[{"start":{"line":288,"column":22},"end":{"line":291,"column":null}},{"start":{"line":292,"column":22},"end":{"line":296,"column":null}}],"line":287},"19":{"loc":{"start":{"line":292,"column":22},"end":{"line":296,"column":null}},"type":"cond-expr","locations":[{"start":{"line":293,"column":22},"end":{"line":295,"column":null}},{"start":{"line":296,"column":22},"end":{"line":296,"column":null}}],"line":292},"20":{"loc":{"start":{"line":299,"column":18},"end":{"line":308,"column":null}},"type":"cond-expr","locations":[{"start":{"line":300,"column":22},"end":{"line":303,"column":null}},{"start":{"line":304,"column":22},"end":{"line":308,"column":null}}],"line":299},"21":{"loc":{"start":{"line":304,"column":22},"end":{"line":308,"column":null}},"type":"cond-expr","locations":[{"start":{"line":305,"column":22},"end":{"line":307,"column":null}},{"start":{"line":308,"column":22},"end":{"line":308,"column":null}}],"line":304},"22":{"loc":{"start":{"line":314,"column":52},"end":{"line":314,"column":null}},"type":"binary-expr","locations":[{"start":{"line":314,"column":52},"end":{"line":314,"column":62}},{"start":{"line":314,"column":66},"end":{"line":314,"column":null}}],"line":314},"23":{"loc":{"start":{"line":317,"column":19},"end":{"line":322,"column":null}},"type":"binary-expr","locations":[{"start":{"line":317,"column":19},"end":{"line":317,"column":null}},{"start":{"line":317,"column":34},"end":{"line":322,"column":null}}],"line":317},"24":{"loc":{"start":{"line":352,"column":17},"end":{"line":355,"column":null}},"type":"binary-expr","locations":[{"start":{"line":352,"column":17},"end":{"line":352,"column":30}},{"start":{"line":352,"column":30},"end":{"line":355,"column":null}}],"line":352},"25":{"loc":{"start":{"line":363,"column":15},"end":{"line":381,"column":null}},"type":"binary-expr","locations":[{"start":{"line":363,"column":15},"end":{"line":363,"column":null}},{"start":{"line":363,"column":30},"end":{"line":381,"column":null}}],"line":363},"26":{"loc":{"start":{"line":391,"column":7},"end":{"line":516,"column":40}},"type":"binary-expr","locations":[{"start":{"line":391,"column":7},"end":{"line":391,"column":null}},{"start":{"line":391,"column":7},"end":{"line":516,"column":40}}],"line":391},"27":{"loc":{"start":{"line":393,"column":11},"end":{"line":516,"column":40}},"type":"cond-expr","locations":[{"start":{"line":394,"column":57},"end":{"line":438,"column":55}},{"start":{"line":438,"column":55},"end":{"line":516,"column":40}}],"line":393},"28":{"loc":{"start":{"line":413,"column":18},"end":{"line":426,"column":null}},"type":"binary-expr","locations":[{"start":{"line":413,"column":18},"end":{"line":413,"column":45}},{"start":{"line":413,"column":45},"end":{"line":413,"column":81}},{"start":{"line":413,"column":81},"end":{"line":426,"column":null}}],"line":413},"29":{"loc":{"start":{"line":491,"column":24},"end":{"line":504,"column":null}},"type":"binary-expr","locations":[{"start":{"line":491,"column":24},"end":{"line":491,"column":52}},{"start":{"line":491,"column":52},"end":{"line":491,"column":89}},{"start":{"line":491,"column":89},"end":{"line":504,"column":null}}],"line":491},"30":{"loc":{"start":{"line":535,"column":2},"end":{"line":616,"column":null}},"type":"switch","locations":[{"start":{"line":536,"column":4},"end":{"line":545,"column":null}},{"start":{"line":546,"column":4},"end":{"line":555,"column":null}},{"start":{"line":556,"column":4},"end":{"line":565,"column":null}},{"start":{"line":566,"column":4},"end":{"line":575,"column":null}},{"start":{"line":576,"column":4},"end":{"line":585,"column":null}},{"start":{"line":586,"column":4},"end":{"line":595,"column":null}},{"start":{"line":596,"column":4},"end":{"line":605,"column":null}},{"start":{"line":606,"column":4},"end":{"line":615,"column":null}}],"line":535}},"s":{"0":0,"1":0,"2":0,"3":0,"4":0,"5":0,"6":0,"7":0,"8":0,"9":0,"10":0,"11":0,"12":0,"13":0,"14":0,"15":0,"16":0,"17":0,"18":0,"19":0,"20":0,"21":0,"22":0,"23":0,"24":0,"25":0,"26":0,"27":0,"28":0,"29":0,"30":0,"31":0},"f":{"0":0,"1":0,"2":0,"3":0,"4":0,"5":0,"6":0,"7":0,"8":0,"9":0,"10":0,"11":0,"12":0,"13":0,"14":0},"b":{"0":[0,0],"1":[0,0],"2":[0,0],"3":[0,0],"4":[0,0],"5":[0,0],"6":[0,0],"7":[0,0],"8":[0,0],"9":[0],"10":[0,0],"11":[0,0],"12":[0,0],"13":[0,0],"14":[0,0],"15":[0,0],"16":[0,0],"17":[0,0],"18":[0,0],"19":[0,0],"20":[0,0],"21":[0,0],"22":[0,0],"23":[0,0],"24":[0,0],"25":[0,0],"26":[0,0],"27":[0,0],"28":[0,0,0],"29":[0,0,0],"30":[0,0,0,0,0,0,0,0]},"meta":{"lastBranch":31,"lastFunction":15,"lastStatement":32,"seen":{"s:18:18:18:Infinity":0,"f:18:18:18:19":0,"s:18:37:18:Infinity":1,"b:18:37:18:59:18:59:18:Infinity":0,"f:20:16:20:35":1,"s:21:8:21:Infinity":2,"f:21:23:21:29":2,"s:21:23:21:61":3,"s:22:8:24:Infinity":4,"f:23:4:23:10":3,"s:23:10:23:59":5,"f:23:28:23:33":4,"s:23:33:23:53":6,"s:26:31:26:Infinity":7,"b:28:2:34:Infinity:undefined:undefined:undefined:undefined":1,"s:28:2:34:Infinity":8,"s:29:4:30:Infinity":9,"s:36:2:156:Infinity":10,"f:48:9:48:10":5,"s:48:45:156:Infinity":11,"b:56:36:56:45:56:45:56:Infinity":2,"b:57:34:57:46:57:46:57:Infinity":3,"f:58:25:58:31":6,"s:58:31:58:Infinity":12,"b:59:34:59:54:59:54:59:Infinity":4,"b:61:17:61:42:61:41:61:Infinity":5,"f:72:25:72:31":7,"s:72:31:72:Infinity":13,"f:82:25:82:31":8,"s:82:31:82:Infinity":14,"f:92:25:92:31":9,"s:92:31:92:Infinity":15,"b:103:15:103:Infinity:103:29:122:Infinity":6,"b:122:66:122:72:122:72:122:75":7,"b:128:17:128:Infinity:128:17:140:Infinity":8,"f:154:28:154:29":10,"s:154:35:156:Infinity":16,"f:180:9:180:27":11,"b:180:44:180:49":9,"s:181:22:181:Infinity":17,"s:182:22:182:Infinity":18,"s:183:23:183:Infinity":19,"s:185:2:516:40":20,"b:188:7:188:Infinity:188:8:209:Infinity":10,"b:197:11:197:Infinity:197:31:209:Infinity":11,"b:206:66:206:72:206:72:206:Infinity":12,"b:240:16:246:Infinity:247:16:247:Infinity":13,"b:251:16:255:Infinity:256:16:256:Infinity":14,"b:262:13:262:Infinity:262:33:274:Infinity":15,"b:267:67:267:85:267:85:267:Infinity":16,"b:271:68:271:72:271:72:271:Infinity":17,"b:288:22:291:Infinity:292:22:296:Infinity":18,"b:293:22:295:Infinity:296:22:296:Infinity":19,"b:300:22:303:Infinity:304:22:308:Infinity":20,"b:305:22:307:Infinity:308:22:308:Infinity":21,"b:314:52:314:62:314:66:314:Infinity":22,"b:317:19:317:Infinity:317:34:322:Infinity":23,"b:352:17:352:30:352:30:355:Infinity":24,"b:363:15:363:Infinity:363:30:381:Infinity":25,"b:391:7:391:Infinity:391:7:516:40":26,"b:394:57:438:55:438:55:516:40":27,"b:413:18:413:45:413:45:413:81:413:81:426:Infinity":28,"f:482:37:482:38":12,"s:482:45:483:33":21,"b:491:24:491:52:491:52:491:89:491:89:504:Infinity":29,"f:515:37:515:38":13,"s:515:45:516:40":22,"f:534:9:534:24":14,"b:536:4:545:Infinity:546:4:555:Infinity:556:4:565:Infinity:566:4:575:Infinity:576:4:585:Infinity:586:4:595:Infinity:596:4:605:Infinity:606:4:615:Infinity":30,"s:535:2:616:Infinity":23,"s:537:6:545:Infinity":24,"s:547:6:555:Infinity":25,"s:557:6:565:Infinity":26,"s:567:6:575:Infinity":27,"s:577:6:585:Infinity":28,"s:587:6:595:Infinity":29,"s:597:6:605:Infinity":30,"s:607:6:615:Infinity":31}}}
,"/Users/jirihermann/Documents/workspace-fullstack/visualizer-for-coroutines/frontend/src/components/CreateSessionForm.tsx": {"path":"/Users/jirihermann/Documents/workspace-fullstack/visualizer-for-coroutines/frontend/src/components/CreateSessionForm.tsx","statementMap":{"0":{"start":{"line":6,"column":28},"end":{"line":8,"column":null}},"1":{"start":{"line":23,"column":3},"end":{"line":25,"column":null}},"2":{"start":{"line":27,"column":23},"end":{"line":30,"column":null}},"3":{"start":{"line":28,"column":4},"end":{"line":28,"column":null}},"4":{"start":{"line":29,"column":4},"end":{"line":29,"column":null}},"5":{"start":{"line":32,"column":2},"end":{"line":44,"column":null}}},"fnMap":{"0":{"name":"CreateSessionForm","decl":{"start":{"line":17,"column":16},"end":{"line":17,"column":34}},"loc":{"start":{"line":17,"column":84},"end":{"line":49,"column":null}},"line":17},"1":{"name":"(anonymous_1)","decl":{"start":{"line":27,"column":23},"end":{"line":27,"column":24}},"loc":{"start":{"line":27,"column":24},"end":{"line":30,"column":null}},"line":27}},"branchMap":{"0":{"loc":{"start":{"line":28,"column":13},"end":{"line":28,"column":null}},"type":"binary-expr","locations":[{"start":{"line":28,"column":13},"end":{"line":28,"column":22}},{"start":{"line":28,"column":26},"end":{"line":28,"column":null}}],"line":28}},"s":{"0":0,"1":0,"2":0,"3":0,"4":0,"5":0},"f":{"0":0,"1":0},"b":{"0":[0,0]},"meta":{"lastBranch":1,"lastFunction":2,"lastStatement":6,"seen":{"s:6:28:8:Infinity":0,"f:17:16:17:34":0,"s:23:3:25:Infinity":1,"s:27:23:30:Infinity":2,"f:27:23:27:24":1,"s:28:4:28:Infinity":3,"b:28:13:28:22:28:26:28:Infinity":0,"s:29:4:29:Infinity":4,"s:32:2:44:Infinity":5}}}
,"/Users/jirihermann/Documents/workspace-fullstack/visualizer-for-coroutines/frontend/src/components/DispatcherBadge.tsx": {"path":"/Users/jirihermann/Documents/workspace-fullstack/visualizer-for-coroutines/frontend/src/components/DispatcherBadge.tsx","statementMap":{"0":{"start":{"line":9,"column":29},"end":{"line":15,"column":null}},"1":{"start":{"line":10,"column":4},"end":{"line":10,"column":null}},"2":{"start":{"line":10,"column":34},"end":{"line":10,"column":null}},"3":{"start":{"line":11,"column":4},"end":{"line":11,"column":null}},"4":{"start":{"line":11,"column":29},"end":{"line":11,"column":null}},"5":{"start":{"line":12,"column":4},"end":{"line":12,"column":null}},"6":{"start":{"line":12,"column":31},"end":{"line":12,"column":null}},"7":{"start":{"line":13,"column":4},"end":{"line":13,"column":null}},"8":{"start":{"line":13,"column":37},"end":{"line":13,"column":null}},"9":{"start":{"line":14,"column":4},"end":{"line":14,"column":null}},"10":{"start":{"line":17,"column":23},"end":{"line":24,"column":null}},"11":{"start":{"line":19,"column":4},"end":{"line":19,"column":null}},"12":{"start":{"line":19,"column":40},"end":{"line":19,"column":null}},"13":{"start":{"line":20,"column":4},"end":{"line":20,"column":null}},"14":{"start":{"line":20,"column":35},"end":{"line":20,"column":null}},"15":{"start":{"line":21,"column":4},"end":{"line":21,"column":null}},"16":{"start":{"line":21,"column":37},"end":{"line":21,"column":null}},"17":{"start":{"line":22,"column":4},"end":{"line":22,"column":null}},"18":{"start":{"line":22,"column":43},"end":{"line":22,"column":null}},"19":{"start":{"line":23,"column":4},"end":{"line":23,"column":null}},"20":{"start":{"line":26,"column":2},"end":{"line":33,"column":null}}},"fnMap":{"0":{"name":"DispatcherBadge","decl":{"start":{"line":8,"column":16},"end":{"line":8,"column":32}},"loc":{"start":{"line":8,"column":85},"end":{"line":36,"column":null}},"line":8},"1":{"name":"(anonymous_1)","decl":{"start":{"line":9,"column":29},"end":{"line":9,"column":30}},"loc":{"start":{"line":9,"column":30},"end":{"line":15,"column":null}},"line":9},"2":{"name":"(anonymous_2)","decl":{"start":{"line":17,"column":23},"end":{"line":17,"column":24}},"loc":{"start":{"line":17,"column":24},"end":{"line":24,"column":null}},"line":17}},"branchMap":{"0":{"loc":{"start":{"line":8,"column":50},"end":{"line":8,"column":61}},"type":"default-arg","locations":[{"start":{"line":8,"column":57},"end":{"line":8,"column":61}}],"line":8},"1":{"loc":{"start":{"line":10,"column":4},"end":{"line":10,"column":null}},"type":"if","locations":[{"start":{"line":10,"column":4},"end":{"line":10,"column":null}},{"start":{},"end":{}}],"line":10},"2":{"loc":{"start":{"line":11,"column":4},"end":{"line":11,"column":null}},"type":"if","locations":[{"start":{"line":11,"column":4},"end":{"line":11,"column":null}},{"start":{},"end":{}}],"line":11},"3":{"loc":{"start":{"line":12,"column":4},"end":{"line":12,"column":null}},"type":"if","locations":[{"start":{"line":12,"column":4},"end":{"line":12,"column":null}},{"start":{},"end":{}}],"line":12},"4":{"loc":{"start":{"line":13,"column":4},"end":{"line":13,"column":null}},"type":"if","locations":[{"start":{"line":13,"column":4},"end":{"line":13,"column":null}},{"start":{},"end":{}}],"line":13},"5":{"loc":{"start":{"line":19,"column":4},"end":{"line":19,"column":null}},"type":"if","locations":[{"start":{"line":19,"column":4},"end":{"line":19,"column":null}},{"start":{},"end":{}}],"line":19},"6":{"loc":{"start":{"line":20,"column":4},"end":{"line":20,"column":null}},"type":"if","locations":[{"start":{"line":20,"column":4},"end":{"line":20,"column":null}},{"start":{},"end":{}}],"line":20},"7":{"loc":{"start":{"line":21,"column":4},"end":{"line":21,"column":null}},"type":"if","locations":[{"start":{"line":21,"column":4},"end":{"line":21,"column":null}},{"start":{},"end":{}}],"line":21},"8":{"loc":{"start":{"line":22,"column":4},"end":{"line":22,"column":null}},"type":"if","locations":[{"start":{"line":22,"column":4},"end":{"line":22,"column":null}},{"start":{},"end":{}}],"line":22}},"s":{"0":0,"1":0,"2":0,"3":0,"4":0,"5":0,"6":0,"7":0,"8":0,"9":0,"10":0,"11":0,"12":0,"13":0,"14":0,"15":0,"16":0,"17":0,"18":0,"19":0,"20":0},"f":{"0":0,"1":0,"2":0},"b":{"0":[0],"1":[0,0],"2":[0,0],"3":[0,0],"4":[0,0],"5":[0,0],"6":[0,0],"7":[0,0],"8":[0,0]},"meta":{"lastBranch":9,"lastFunction":3,"lastStatement":21,"seen":{"f:8:16:8:32":0,"b:8:57:8:61":0,"s:9:29:15:Infinity":0,"f:9:29:9:30":1,"b:10:4:10:Infinity:undefined:undefined:undefined:undefined":1,"s:10:4:10:Infinity":1,"s:10:34:10:Infinity":2,"b:11:4:11:Infinity:undefined:undefined:undefined:undefined":2,"s:11:4:11:Infinity":3,"s:11:29:11:Infinity":4,"b:12:4:12:Infinity:undefined:undefined:undefined:undefined":3,"s:12:4:12:Infinity":5,"s:12:31:12:Infinity":6,"b:13:4:13:Infinity:undefined:undefined:undefined:undefined":4,"s:13:4:13:Infinity":7,"s:13:37:13:Infinity":8,"s:14:4:14:Infinity":9,"s:17:23:24:Infinity":10,"f:17:23:17:24":2,"b:19:4:19:Infinity:undefined:undefined:undefined:undefined":5,"s:19:4:19:Infinity":11,"s:19:40:19:Infinity":12,"b:20:4:20:Infinity:undefined:undefined:undefined:undefined":6,"s:20:4:20:Infinity":13,"s:20:35:20:Infinity":14,"b:21:4:21:Infinity:undefined:undefined:undefined:undefined":7,"s:21:4:21:Infinity":15,"s:21:37:21:Infinity":16,"b:22:4:22:Infinity:undefined:undefined:undefined:undefined":8,"s:22:4:22:Infinity":17,"s:22:43:22:Infinity":18,"s:23:4:23:Infinity":19,"s:26:2:33:Infinity":20}}}
,"/Users/jirihermann/Documents/workspace-fullstack/visualizer-for-coroutines/frontend/src/components/DispatcherOverview.tsx": {"path":"/Users/jirihermann/Documents/workspace-fullstack/visualizer-for-coroutines/frontend/src/components/DispatcherOverview.tsx","statementMap":{"0":{"start":{"line":11,"column":37},"end":{"line":11,"column":null}},"1":{"start":{"line":13,"column":2},"end":{"line":21,"column":null}},"2":{"start":{"line":14,"column":4},"end":{"line":17,"column":null}},"3":{"start":{"line":23,"column":2},"end":{"line":31,"column":null}},"4":{"start":{"line":24,"column":4},"end":{"line":27,"column":null}},"5":{"start":{"line":33,"column":2},"end":{"line":36,"column":44}},"6":{"start":{"line":35,"column":35},"end":{"line":36,"column":44}},"7":{"start":{"line":43,"column":16},"end":{"line":43,"column":null}},"8":{"start":{"line":44,"column":15},"end":{"line":44,"column":null}},"9":{"start":{"line":45,"column":22},"end":{"line":45,"column":null}},"10":{"start":{"line":47,"column":2},"end":{"line":114,"column":null}},"11":{"start":{"line":80,"column":40},"end":{"line":81,"column":37}},"12":{"start":{"line":123,"column":82},"end":{"line":128,"column":null}},"13":{"start":{"line":129,"column":2},"end":{"line":129,"column":null}},"14":{"start":{"line":133,"column":49},"end":{"line":138,"column":null}},"15":{"start":{"line":139,"column":2},"end":{"line":139,"column":null}},"16":{"start":{"line":143,"column":47},"end":{"line":148,"column":null}},"17":{"start":{"line":149,"column":2},"end":{"line":149,"column":null}}},"fnMap":{"0":{"name":"DispatcherOverview","decl":{"start":{"line":10,"column":16},"end":{"line":10,"column":35}},"loc":{"start":{"line":10,"column":73},"end":{"line":40,"column":null}},"line":10},"1":{"name":"(anonymous_1)","decl":{"start":{"line":35,"column":35},"end":{"line":35,"column":null}},"loc":{"start":{"line":35,"column":35},"end":{"line":36,"column":44}},"line":35},"2":{"name":"DispatcherCard","decl":{"start":{"line":42,"column":9},"end":{"line":42,"column":24}},"loc":{"start":{"line":42,"column":70},"end":{"line":120,"column":null}},"line":42},"3":{"name":"(anonymous_3)","decl":{"start":{"line":80,"column":40},"end":{"line":80,"column":null}},"loc":{"start":{"line":80,"column":40},"end":{"line":81,"column":37}},"line":80},"4":{"name":"getDispatcherColor","decl":{"start":{"line":122,"column":9},"end":{"line":122,"column":28}},"loc":{"start":{"line":122,"column":40},"end":{"line":130,"column":null}},"line":122},"5":{"name":"getDispatcherIcon","decl":{"start":{"line":132,"column":9},"end":{"line":132,"column":27}},"loc":{"start":{"line":132,"column":39},"end":{"line":140,"column":null}},"line":132},"6":{"name":"getDispatcherDescription","decl":{"start":{"line":142,"column":9},"end":{"line":142,"column":34}},"loc":{"start":{"line":142,"column":46},"end":{"line":150,"column":null}},"line":142}},"branchMap":{"0":{"loc":{"start":{"line":13,"column":2},"end":{"line":21,"column":null}},"type":"if","locations":[{"start":{"line":13,"column":2},"end":{"line":21,"column":null}},{"start":{},"end":{}}],"line":13},"1":{"loc":{"start":{"line":23,"column":2},"end":{"line":31,"column":null}},"type":"if","locations":[{"start":{"line":23,"column":2},"end":{"line":31,"column":null}},{"start":{},"end":{}}],"line":23},"2":{"loc":{"start":{"line":23,"column":6},"end":{"line":23,"column":73}},"type":"binary-expr","locations":[{"start":{"line":23,"column":6},"end":{"line":23,"column":35}},{"start":{"line":23,"column":35},"end":{"line":23,"column":73}}],"line":23},"3":{"loc":{"start":{"line":89,"column":11},"end":{"line":106,"column":null}},"type":"binary-expr","locations":[{"start":{"line":89,"column":11},"end":{"line":89,"column":null}},{"start":{"line":89,"column":37},"end":{"line":106,"column":null}}],"line":89},"4":{"loc":{"start":{"line":90,"column":46},"end":{"line":90,"column":135}},"type":"cond-expr","locations":[{"start":{"line":90,"column":74},"end":{"line":90,"column":117}},{"start":{"line":90,"column":117},"end":{"line":90,"column":135}}],"line":90},"5":{"loc":{"start":{"line":93,"column":19},"end":{"line":96,"column":null}},"type":"cond-expr","locations":[{"start":{"line":93,"column":43},"end":{"line":96,"column":21}},{"start":{"line":96,"column":20},"end":{"line":96,"column":null}}],"line":93},"6":{"loc":{"start":{"line":100,"column":54},"end":{"line":100,"column":115}},"type":"cond-expr","locations":[{"start":{"line":100,"column":82},"end":{"line":100,"column":99}},{"start":{"line":100,"column":99},"end":{"line":100,"column":115}}],"line":100},"7":{"loc":{"start":{"line":104,"column":15},"end":{"line":106,"column":null}},"type":"binary-expr","locations":[{"start":{"line":104,"column":15},"end":{"line":104,"column":null}},{"start":{"line":104,"column":39},"end":{"line":106,"column":null}}],"line":104},"8":{"loc":{"start":{"line":106,"column":43},"end":{"line":106,"column":90}},"type":"cond-expr","locations":[{"start":{"line":106,"column":73},"end":{"line":106,"column":82}},{"start":{"line":106,"column":82},"end":{"line":106,"column":90}}],"line":106},"9":{"loc":{"start":{"line":129,"column":9},"end":{"line":129,"column":null}},"type":"binary-expr","locations":[{"start":{"line":129,"column":9},"end":{"line":129,"column":21}},{"start":{"line":129,"column":25},"end":{"line":129,"column":null}}],"line":129},"10":{"loc":{"start":{"line":139,"column":9},"end":{"line":139,"column":null}},"type":"binary-expr","locations":[{"start":{"line":139,"column":9},"end":{"line":139,"column":20}},{"start":{"line":139,"column":20},"end":{"line":139,"column":null}}],"line":139},"11":{"loc":{"start":{"line":149,"column":9},"end":{"line":149,"column":null}},"type":"binary-expr","locations":[{"start":{"line":149,"column":9},"end":{"line":149,"column":27}},{"start":{"line":149,"column":31},"end":{"line":149,"column":null}}],"line":149}},"s":{"0":0,"1":0,"2":0,"3":0,"4":0,"5":0,"6":0,"7":0,"8":0,"9":0,"10":0,"11":0,"12":0,"13":0,"14":0,"15":0,"16":0,"17":0},"f":{"0":0,"1":0,"2":0,"3":0,"4":0,"5":0,"6":0},"b":{"0":[0,0],"1":[0,0],"2":[0,0],"3":[0,0],"4":[0,0],"5":[0,0],"6":[0,0],"7":[0,0],"8":[0,0],"9":[0,0],"10":[0,0],"11":[0,0]},"meta":{"lastBranch":12,"lastFunction":7,"lastStatement":18,"seen":{"f:10:16:10:35":0,"s:11:37:11:Infinity":0,"b:13:2:21:Infinity:undefined:undefined:undefined:undefined":0,"s:13:2:21:Infinity":1,"s:14:4:17:Infinity":2,"b:23:2:31:Infinity:undefined:undefined:undefined:undefined":1,"s:23:2:31:Infinity":3,"b:23:6:23:35:23:35:23:73":2,"s:24:4:27:Infinity":4,"s:33:2:36:44":5,"f:35:35:35:Infinity":1,"s:35:35:36:44":6,"f:42:9:42:24":2,"s:43:16:43:Infinity":7,"s:44:15:44:Infinity":8,"s:45:22:45:Infinity":9,"s:47:2:114:Infinity":10,"f:80:40:80:Infinity":3,"s:80:40:81:37":11,"b:89:11:89:Infinity:89:37:106:Infinity":3,"b:90:74:90:117:90:117:90:135":4,"b:93:43:96:21:96:20:96:Infinity":5,"b:100:82:100:99:100:99:100:115":6,"b:104:15:104:Infinity:104:39:106:Infinity":7,"b:106:73:106:82:106:82:106:90":8,"f:122:9:122:28":4,"s:123:82:128:Infinity":12,"s:129:2:129:Infinity":13,"b:129:9:129:21:129:25:129:Infinity":9,"f:132:9:132:27":5,"s:133:49:138:Infinity":14,"s:139:2:139:Infinity":15,"b:139:9:139:20:139:20:139:Infinity":10,"f:142:9:142:34":6,"s:143:47:148:Infinity":16,"s:149:2:149:Infinity":17,"b:149:9:149:27:149:31:149:Infinity":11}}}
,"/Users/jirihermann/Documents/workspace-fullstack/visualizer-for-coroutines/frontend/src/components/EmptyState.tsx": {"path":"/Users/jirihermann/Documents/workspace-fullstack/visualizer-for-coroutines/frontend/src/components/EmptyState.tsx","statementMap":{"0":{"start":{"line":15,"column":2},"end":{"line":26,"column":null}}},"fnMap":{"0":{"name":"EmptyState","decl":{"start":{"line":14,"column":16},"end":{"line":14,"column":27}},"loc":{"start":{"line":14,"column":80},"end":{"line":33,"column":null}},"line":14}},"branchMap":{"0":{"loc":{"start":{"line":19,"column":11},"end":{"line":19,"column":null}},"type":"binary-expr","locations":[{"start":{"line":19,"column":11},"end":{"line":19,"column":19}},{"start":{"line":19,"column":11},"end":{"line":19,"column":null}}],"line":19},"1":{"loc":{"start":{"line":24,"column":11},"end":{"line":26,"column":null}},"type":"binary-expr","locations":[{"start":{"line":24,"column":11},"end":{"line":24,"column":null}},{"start":{"line":24,"column":11},"end":{"line":26,"column":null}}],"line":24}},"s":{"0":0},"f":{"0":0},"b":{"0":[0,0],"1":[0,0]},"meta":{"lastBranch":2,"lastFunction":1,"lastStatement":1,"seen":{"f:14:16:14:27":0,"s:15:2:26:Infinity":0,"b:19:11:19:19:19:11:19:Infinity":0,"b:24:11:24:Infinity:24:11:26:Infinity":1}}}
,"/Users/jirihermann/Documents/workspace-fullstack/visualizer-for-coroutines/frontend/src/components/EnhancedCoroutineTreeNode.tsx": {"path":"/Users/jirihermann/Documents/workspace-fullstack/visualizer-for-coroutines/frontend/src/components/EnhancedCoroutineTreeNode.tsx","statementMap":{"0":{"start":{"line":28,"column":21},"end":{"line":28,"column":47}},"1":{"start":{"line":29,"column":22},"end":{"line":29,"column":null}},"2":{"start":{"line":30,"column":20},"end":{"line":30,"column":null}},"3":{"start":{"line":33,"column":21},"end":{"line":35,"column":null}},"4":{"start":{"line":34,"column":20},"end":{"line":34,"column":null}},"5":{"start":{"line":35,"column":39},"end":{"line":35,"column":null}},"6":{"start":{"line":37,"column":2},"end":{"line":141,"column":null}},"7":{"start":{"line":50,"column":23},"end":{"line":50,"column":null}},"8":{"start":{"line":120,"column":32},"end":{"line":120,"column":null}},"9":{"start":{"line":121,"column":18},"end":{"line":128,"column":null}},"10":{"start":{"line":139,"column":26},"end":{"line":141,"column":null}},"11":{"start":{"line":160,"column":18},"end":{"line":160,"column":64}},"12":{"start":{"line":161,"column":24},"end":{"line":161,"column":53}},"13":{"start":{"line":162,"column":21},"end":{"line":162,"column":null}},"14":{"start":{"line":164,"column":2},"end":{"line":166,"column":null}},"15":{"start":{"line":165,"column":4},"end":{"line":165,"column":null}},"16":{"start":{"line":168,"column":2},"end":{"line":168,"column":null}},"17":{"start":{"line":173,"column":2},"end":{"line":184,"column":null}},"18":{"start":{"line":191,"column":2},"end":{"line":202,"column":null}},"19":{"start":{"line":209,"column":2},"end":{"line":220,"column":null}}},"fnMap":{"0":{"name":"EnhancedCoroutineTreeNode","decl":{"start":{"line":20,"column":16},"end":{"line":20,"column":42}},"loc":{"start":{"line":27,"column":33},"end":{"line":154,"column":null}},"line":27},"1":{"name":"(anonymous_1)","decl":{"start":{"line":34,"column":9},"end":{"line":34,"column":20}},"loc":{"start":{"line":34,"column":20},"end":{"line":34,"column":null}},"line":34},"2":{"name":"(anonymous_2)","decl":{"start":{"line":35,"column":12},"end":{"line":35,"column":13}},"loc":{"start":{"line":35,"column":39},"end":{"line":35,"column":null}},"line":35},"3":{"name":"(anonymous_3)","decl":{"start":{"line":50,"column":17},"end":{"line":50,"column":23}},"loc":{"start":{"line":50,"column":23},"end":{"line":50,"column":null}},"line":50},"4":{"name":"(anonymous_4)","decl":{"start":{"line":119,"column":44},"end":{"line":119,"column":null}},"loc":{"start":{"line":119,"column":44},"end":{"line":129,"column":null}},"line":119},"5":{"name":"(anonymous_5)","decl":{"start":{"line":139,"column":26},"end":{"line":139,"column":null}},"loc":{"start":{"line":139,"column":26},"end":{"line":141,"column":null}},"line":139},"6":{"name":"formatDuration","decl":{"start":{"line":159,"column":9},"end":{"line":159,"column":24}},"loc":{"start":{"line":159,"column":43},"end":{"line":169,"column":null}},"line":159},"7":{"name":"ThreadIcon","decl":{"start":{"line":172,"column":9},"end":{"line":172,"column":20}},"loc":{"start":{"line":172,"column":57},"end":{"line":188,"column":null}},"line":172},"8":{"name":"DispatcherIcon","decl":{"start":{"line":190,"column":9},"end":{"line":190,"column":24}},"loc":{"start":{"line":190,"column":61},"end":{"line":206,"column":null}},"line":190},"9":{"name":"ClockIcon","decl":{"start":{"line":208,"column":9},"end":{"line":208,"column":19}},"loc":{"start":{"line":208,"column":56},"end":{"line":224,"column":null}},"line":208}},"branchMap":{"0":{"loc":{"start":{"line":23,"column":2},"end":{"line":23,"column":11}},"type":"default-arg","locations":[{"start":{"line":23,"column":10},"end":{"line":23,"column":11}}],"line":23},"1":{"loc":{"start":{"line":26,"column":2},"end":{"line":26,"column":21}},"type":"default-arg","locations":[{"start":{"line":26,"column":16},"end":{"line":26,"column":21}}],"line":26},"2":{"loc":{"start":{"line":43,"column":10},"end":{"line":45,"column":null}},"type":"cond-expr","locations":[{"start":{"line":44,"column":14},"end":{"line":44,"column":null}},{"start":{"line":45,"column":14},"end":{"line":45,"column":null}}],"line":43},"3":{"loc":{"start":{"line":57,"column":15},"end":{"line":58,"column":null}},"type":"binary-expr","locations":[{"start":{"line":57,"column":15},"end":{"line":57,"column":null}},{"start":{"line":57,"column":23},"end":{"line":58,"column":null}}],"line":57},"4":{"loc":{"start":{"line":67,"column":15},"end":{"line":69,"column":null}},"type":"binary-expr","locations":[{"start":{"line":67,"column":15},"end":{"line":67,"column":null}},{"start":{"line":67,"column":15},"end":{"line":69,"column":null}}],"line":67},"5":{"loc":{"start":{"line":69,"column":42},"end":{"line":69,"column":null}},"type":"cond-expr","locations":[{"start":{"line":69,"column":71},"end":{"line":69,"column":81}},{"start":{"line":69,"column":81},"end":{"line":69,"column":null}}],"line":69},"6":{"loc":{"start":{"line":79,"column":11},"end":{"line":81,"column":null}},"type":"binary-expr","locations":[{"start":{"line":79,"column":11},"end":{"line":79,"column":null}},{"start":{"line":79,"column":11},"end":{"line":81,"column":null}}],"line":79},"7":{"loc":{"start":{"line":86,"column":11},"end":{"line":88,"column":null}},"type":"binary-expr","locations":[{"start":{"line":86,"column":11},"end":{"line":86,"column":null}},{"start":{"line":86,"column":11},"end":{"line":88,"column":null}}],"line":86},"8":{"loc":{"start":{"line":94,"column":13},"end":{"line":97,"column":null}},"type":"binary-expr","locations":[{"start":{"line":94,"column":13},"end":{"line":94,"column":35}},{"start":{"line":94,"column":35},"end":{"line":97,"column":null}}],"line":94},"9":{"loc":{"start":{"line":100,"column":13},"end":{"line":103,"column":null}},"type":"binary-expr","locations":[{"start":{"line":100,"column":13},"end":{"line":100,"column":32}},{"start":{"line":100,"column":32},"end":{"line":103,"column":null}}],"line":100},"10":{"loc":{"start":{"line":113,"column":11},"end":{"line":129,"column":null}},"type":"binary-expr","locations":[{"start":{"line":113,"column":11},"end":{"line":113,"column":24}},{"start":{"line":113,"column":24},"end":{"line":113,"column":46}},{"start":{"line":113,"column":50},"end":{"line":113,"column":null}},{"start":{"line":113,"column":82},"end":{"line":129,"column":null}}],"line":113},"11":{"loc":{"start":{"line":121,"column":25},"end":{"line":128,"column":null}},"type":"cond-expr","locations":[{"start":{"line":121,"column":25},"end":{"line":128,"column":null}},{"start":{"line":128,"column":22},"end":{"line":128,"column":null}}],"line":121},"12":{"loc":{"start":{"line":137,"column":7},"end":{"line":141,"column":null}},"type":"binary-expr","locations":[{"start":{"line":137,"column":7},"end":{"line":137,"column":null}},{"start":{"line":137,"column":7},"end":{"line":141,"column":null}}],"line":137},"13":{"loc":{"start":{"line":160,"column":18},"end":{"line":160,"column":64}},"type":"binary-expr","locations":[{"start":{"line":160,"column":18},"end":{"line":160,"column":39}},{"start":{"line":160,"column":43},"end":{"line":160,"column":64}}],"line":160},"14":{"loc":{"start":{"line":164,"column":2},"end":{"line":166,"column":null}},"type":"if","locations":[{"start":{"line":164,"column":2},"end":{"line":166,"column":null}},{"start":{},"end":{}}],"line":164}},"s":{"0":0,"1":0,"2":0,"3":0,"4":0,"5":0,"6":0,"7":0,"8":0,"9":0,"10":0,"11":0,"12":0,"13":0,"14":0,"15":0,"16":0,"17":0,"18":0,"19":0},"f":{"0":0,"1":0,"2":0,"3":0,"4":0,"5":0,"6":0,"7":0,"8":0,"9":0},"b":{"0":[0],"1":[0],"2":[0,0],"3":[0,0],"4":[0,0],"5":[0,0],"6":[0,0],"7":[0,0],"8":[0,0],"9":[0,0],"10":[0,0,0,0],"11":[0,0],"12":[0,0],"13":[0,0],"14":[0,0]},"meta":{"lastBranch":15,"lastFunction":10,"lastStatement":20,"seen":{"f:20:16:20:42":0,"b:23:10:23:11":0,"b:26:16:26:21":1,"s:28:21:28:47":0,"s:29:22:29:Infinity":1,"s:30:20:30:Infinity":2,"s:33:21:35:Infinity":3,"f:34:9:34:20":1,"s:34:20:34:Infinity":4,"f:35:12:35:13":2,"s:35:39:35:Infinity":5,"s:37:2:141:Infinity":6,"b:44:14:44:Infinity:45:14:45:Infinity":2,"f:50:17:50:23":3,"s:50:23:50:Infinity":7,"b:57:15:57:Infinity:57:23:58:Infinity":3,"b:67:15:67:Infinity:67:15:69:Infinity":4,"b:69:71:69:81:69:81:69:Infinity":5,"b:79:11:79:Infinity:79:11:81:Infinity":6,"b:86:11:86:Infinity:86:11:88:Infinity":7,"b:94:13:94:35:94:35:97:Infinity":8,"b:100:13:100:32:100:32:103:Infinity":9,"b:113:11:113:24:113:24:113:46:113:50:113:Infinity:113:82:129:Infinity":10,"f:119:44:119:Infinity":4,"s:120:32:120:Infinity":8,"s:121:18:128:Infinity":9,"b:121:25:128:Infinity:128:22:128:Infinity":11,"b:137:7:137:Infinity:137:7:141:Infinity":12,"f:139:26:139:Infinity":5,"s:139:26:141:Infinity":10,"f:159:9:159:24":6,"s:160:18:160:64":11,"b:160:18:160:39:160:43:160:64":13,"s:161:24:161:53":12,"s:162:21:162:Infinity":13,"b:164:2:166:Infinity:undefined:undefined:undefined:undefined":14,"s:164:2:166:Infinity":14,"s:165:4:165:Infinity":15,"s:168:2:168:Infinity":16,"f:172:9:172:20":7,"s:173:2:184:Infinity":17,"f:190:9:190:24":8,"s:191:2:202:Infinity":18,"f:208:9:208:19":9,"s:209:2:220:Infinity":19}}}
,"/Users/jirihermann/Documents/workspace-fullstack/visualizer-for-coroutines/frontend/src/components/ErrorAlert.tsx": {"path":"/Users/jirihermann/Documents/workspace-fullstack/visualizer-for-coroutines/frontend/src/components/ErrorAlert.tsx","statementMap":{"0":{"start":{"line":10,"column":2},"end":{"line":17,"column":null}}},"fnMap":{"0":{"name":"ErrorAlert","decl":{"start":{"line":9,"column":16},"end":{"line":9,"column":27}},"loc":{"start":{"line":9,"column":72},"end":{"line":23,"column":null}},"line":9}},"branchMap":{"0":{"loc":{"start":{"line":9,"column":38},"end":{"line":9,"column":53}},"type":"default-arg","locations":[{"start":{"line":9,"column":46},"end":{"line":9,"column":53}}],"line":9}},"s":{"0":0},"f":{"0":0},"b":{"0":[0]},"meta":{"lastBranch":1,"lastFunction":1,"lastStatement":1,"seen":{"f:9:16:9:27":0,"b:9:46:9:53":0,"s:10:2:17:Infinity":0}}}
[...]
,"end":{"line":40,"column":67}},{"start":{"line":40,"column":70},"end":{"line":40,"column":null}}],"line":40},"3":{"loc":{"start":{"line":62,"column":4},"end":{"line":62,"column":null}},"type":"if","locations":[{"start":{"line":62,"column":4},"end":{"line":62,"column":null}},{"start":{},"end":{}}],"line":62},"4":{"loc":{"start":{"line":63,"column":4},"end":{"line":63,"column":null}},"type":"if","locations":[{"start":{"line":63,"column":4},"end":{"line":63,"column":null}},{"start":{},"end":{}}],"line":63},"5":{"loc":{"start":{"line":64,"column":4},"end":{"line":64,"column":null}},"type":"if","locations":[{"start":{"line":64,"column":4},"end":{"line":64,"column":null}},{"start":{},"end":{}}],"line":64},"6":{"loc":{"start":{"line":67,"column":48},"end":{"line":67,"column":74}},"type":"cond-expr","locations":[{"start":{"line":67,"column":56},"end":{"line":67,"column":67}},{"start":{"line":67,"column":70},"end":{"line":67,"column":74}}],"line":67},"7":{"loc":{"start":{"line":75,"column":4},"end":{"line":75,"column":null}},"type":"if","locations":[{"start":{"line":75,"column":4},"end":{"line":75,"column":null}},{"start":{},"end":{}}],"line":75},"8":{"loc":{"start":{"line":76,"column":4},"end":{"line":76,"column":null}},"type":"if","locations":[{"start":{"line":76,"column":4},"end":{"line":76,"column":null}},{"start":{},"end":{}}],"line":76},"9":{"loc":{"start":{"line":77,"column":4},"end":{"line":83,"column":null}},"type":"if","locations":[{"start":{"line":77,"column":4},"end":{"line":83,"column":null}},{"start":{},"end":{}}],"line":77},"10":{"loc":{"start":{"line":80,"column":41},"end":{"line":80,"column":89}},"type":"cond-expr","locations":[{"start":{"line":80,"column":64},"end":{"line":80,"column":82}},{"start":{"line":80,"column":82},"end":{"line":80,"column":89}}],"line":80},"11":{"loc":{"start":{"line":86,"column":56},"end":{"line":86,"column":82}},"type":"cond-expr","locations":[{"start":{"line":86,"column":64},"end":{"line":86,"column":75}},{"start":{"line":86,"column":78},"end":{"line":86,"column":82}}],"line":86},"12":{"loc":{"start":{"line":91,"column":30},"end":{"line":91,"column":51}},"type":"binary-expr","locations":[{"start":{"line":91,"column":30},"end":{"line":91,"column":45}},{"start":{"line":91,"column":49},"end":{"line":91,"column":51}}],"line":91},"13":{"loc":{"start":{"line":111,"column":4},"end":{"line":111,"column":null}},"type":"if","locations":[{"start":{"line":111,"column":4},"end":{"line":111,"column":null}},{"start":{},"end":{}}],"line":111},"14":{"loc":{"start":{"line":112,"column":4},"end":{"line":114,"column":null}},"type":"if","locations":[{"start":{"line":112,"column":4},"end":{"line":114,"column":null}},{"start":{},"end":{}}],"line":112},"15":{"loc":{"start":{"line":117,"column":43},"end":{"line":117,"column":69}},"type":"cond-expr","locations":[{"start":{"line":117,"column":51},"end":{"line":117,"column":62}},{"start":{"line":117,"column":65},"end":{"line":117,"column":69}}],"line":117},"16":{"loc":{"start":{"line":137,"column":16},"end":{"line":139,"column":42}},"type":"cond-expr","locations":[{"start":{"line":138,"column":8},"end":{"line":138,"column":81}},{"start":{"line":139,"column":8},"end":{"line":139,"column":42}}],"line":137}},"s":{"0":1,"1":12,"2":12,"3":3,"4":1,"5":3,"6":9,"7":2,"8":2,"9":3,"10":2,"11":1,"12":2,"13":2,"14":1,"15":2,"16":1,"17":2,"18":1,"19":2,"20":2,"21":2,"22":2,"23":0,"24":0,"25":0,"26":0,"27":0,"28":0,"29":0,"30":0,"31":0,"32":0,"33":0,"34":0,"35":0,"36":0,"37":0,"38":0,"39":0,"40":0,"41":0,"42":0,"43":0,"44":0,"45":0,"46":0,"47":0,"48":0,"49":2,"50":2,"51":0,"52":1},"f":{"0":12,"1":1,"2":2,"3":3,"4":2,"5":1,"6":2,"7":0,"8":0,"9":0,"10":0,"11":0,"12":0,"13":0,"14":0,"15":2,"16":0},"b":{"0":[3,9],"1":[3,1],"2":[1,1],"3":[1,1],"4":[1,1],"5":[1,1],"6":[1,1],"7":[0,0],"8":[0,0],"9":[0,0],"10":[0,0],"11":[0,0],"12":[0,0],"13":[0,0],"14":[0,0],"15":[0,0],"16":[1,1]},"meta":{"lastBranch":17,"lastFunction":17,"lastStatement":53,"seen":{"s:18:21:18:Infinity":0,"f:21:16:21:29":0,"s:22:21:28:Infinity":1,"b:30:4:33:Infinity:undefined:undefined:undefined:undefined":0,"s:30:4:33:Infinity":2,"s:31:20:31:Infinity":3,"f:31:48:31:55":1,"s:31:55:31:Infinity":4,"s:32:6:32:Infinity":5,"b:32:22:32:33:32:37:32:62":1,"s:35:4:35:Infinity":6,"f:39:8:39:22":2,"s:40:16:40:Infinity":7,"b:40:23:40:67:40:70:40:Infinity":2,"s:41:4:41:Infinity":8,"f:44:8:44:47":3,"s:45:4:45:Infinity":9,"f:48:8:48:19":4,"s:49:4:49:Infinity":10,"f:52:8:52:22":5,"s:53:4:53:Infinity":11,"f:56:8:56:25":6,"s:61:19:61:Infinity":12,"b:62:4:62:Infinity:undefined:undefined:undefined:undefined":3,"s:62:4:62:Infinity":13,"s:62:42:62:Infinity":14,"b:63:4:63:Infinity:undefined:undefined:undefined:undefined":4,"s:63:4:63:Infinity":15,"s:63:24:63:Infinity":16,"b:64:4:64:Infinity:undefined:undefined:undefined:undefined":5,"s:64:4:64:Infinity":17,"s:64:25:64:Infinity":18,"s:66:18:66:Infinity":19,"s:67:16:67:74":20,"b:67:56:67:67:67:70:67:74":6,"s:68:19:68:Infinity":21,"s:70:4:70:Infinity":22,"f:73:8:73:34":7,"s:74:19:74:Infinity":23,"b:75:4:75:Infinity:undefined:undefined:undefined:undefined":7,"s:75:4:75:Infinity":24,"s:75:41:75:Infinity":25,"b:76:4:76:Infinity:undefined:undefined:undefined:undefined":8,"s:76:4:76:Infinity":26,"s:76:23:76:Infinity":27,"b:77:4:83:Infinity:undefined:undefined:undefined:undefined":9,"s:77:4:83:Infinity":28,"s:79:24:81:Infinity":29,"f:80:13:80:14":8,"s:80:31:80:89":30,"b:80:64:80:82:80:82:80:89":10,"s:82:6:82:Infinity":31,"s:85:18:85:Infinity":32,"s:86:16:86:82":33,"b:86:64:86:75:86:78:86:82":11,"s:87:21:87:Infinity":34,"s:89:4:92:Infinity":35,"b:91:30:91:45:91:49:91:51":12,"f:96:2:96:20":9,"s:97:4:97:Infinity":36,"f:101:8:101:60":10,"s:102:4:102:Infinity":37,"f:105:8:105:Infinity":11,"s:110:24:110:Infinity":38,"b:111:4:111:Infinity:undefined:undefined:undefined:undefined":13,"s:111:4:111:Infinity":39,"s:111:19:111:Infinity":40,"b:112:4:114:Infinity:undefined:undefined:undefined:undefined":14,"s:112:4:114:Infinity":41,"s:113:6:113:Infinity":42,"f:113:37:113:38":12,"s:113:55:113:Infinity":43,"s:116:18:116:Infinity":44,"s:117:16:117:69":45,"b:117:51:117:62:117:65:117:69":15,"s:119:4:119:Infinity":46,"f:122:8:122:Infinity":13,"s:125:4:128:Infinity":47,"f:132:8:132:26":14,"s:133:4:133:Infinity":48,"f:136:8:136:21":15,"s:137:16:139:42":49,"b:138:8:138:81:139:8:139:42":16,"s:140:4:140:Infinity":50,"f:143:8:143:29":16,"s:144:4:144:Infinity":51,"s:148:25:148:Infinity":52}}}
,"/Users/jirihermann/Documents/workspace-fullstack/visualizer-for-coroutines/frontend/src/lib/dispatcher-utils.tsx": {"path":"/Users/jirihermann/Documents/workspace-fullstack/visualizer-for-coroutines/frontend/src/lib/dispatcher-utils.tsx","statementMap":{"0":{"start":{"line":15,"column":2},"end":{"line":15,"column":null}},"1":{"start":{"line":15,"column":23},"end":{"line":15,"column":null}},"2":{"start":{"line":17,"column":52},"end":{"line":23,"column":null}},"3":{"start":{"line":25,"column":2},"end":{"line":25,"column":null}},"4":{"start":{"line":32,"column":16},"end":{"line":32,"column":null}},"5":{"start":{"line":34,"column":90},"end":{"line":65,"column":null}},"6":{"start":{"line":67,"column":2},"end":{"line":67,"column":null}},"7":{"start":{"line":74,"column":2},"end":{"line":74,"column":null}},"8":{"start":{"line":74,"column":23},"end":{"line":74,"column":null}},"9":{"start":{"line":76,"column":51},"end":{"line":81,"column":null}},"10":{"start":{"line":83,"column":2},"end":{"line":83,"column":null}},"11":{"start":{"line":90,"column":42},"end":{"line":95,"column":null}},"12":{"start":{"line":97,"column":2},"end":{"line":97,"column":null}},"13":{"start":{"line":104,"column":2},"end":{"line":108,"column":null}},"14":{"start":{"line":115,"column":2},"end":{"line":115,"column":null}},"15":{"start":{"line":115,"column":18},"end":{"line":115,"column":null}},"16":{"start":{"line":116,"column":2},"end":{"line":116,"column":null}},"17":{"start":{"line":116,"column":51},"end":{"line":116,"column":null}},"18":{"start":{"line":117,"column":2},"end":{"line":117,"column":null}},"19":{"start":{"line":124,"column":45},"end":{"line":129,"column":null}},"20":{"start":{"line":131,"column":2},"end":{"line":131,"column":null}}},"fnMap":{"0":{"name":"getDispatcherColor","decl":{"start":{"line":14,"column":16},"end":{"line":14,"column":35}},"loc":{"start":{"line":14,"column":76},"end":{"line":26,"column":null}},"line":14},"1":{"name":"getDispatcherColorClasses","decl":{"start":{"line":31,"column":16},"end":{"line":31,"column":42}},"loc":{"start":{"line":31,"column":83},"end":{"line":68,"column":null}},"line":31},"2":{"name":"getDispatcherIcon","decl":{"start":{"line":73,"column":16},"end":{"line":73,"column":34}},"loc":{"start":{"line":73,"column":75},"end":{"line":84,"column":null}},"line":73},"3":{"name":"getDispatcherDescription","decl":{"start":{"line":89,"column":16},"end":{"line":89,"column":41}},"loc":{"start":{"line":89,"column":63},"end":{"line":98,"column":null}},"line":89},"4":{"name":"getDispatcherBadgeProps","decl":{"start":{"line":103,"column":16},"end":{"line":103,"column":40}},"loc":{"start":{"line":103,"column":81},"end":{"line":109,"column":null}},"line":103},"5":{"name":"formatThreadName","decl":{"start":{"line":114,"column":16},"end":{"line":114,"column":33}},"loc":{"start":{"line":114,"column":107},"end":{"line":118,"column":null}},"line":114},"6":{"name":"getShortDispatcherName","decl":{"start":{"line":123,"column":16},"end":{"line":123,"column":39}},"loc":{"start":{"line":123,"column":61},"end":{"line":132,"column":null}},"line":123}},"branchMap":{"0":{"loc":{"start":{"line":15,"column":2},"end":{"line":15,"column":null}},"type":"if","locations":[{"start":{"line":15,"column":2},"end":{"line":15,"column":null}},{"start":{},"end":{}}],"line":15},"1":{"loc":{"start":{"line":25,"column":9},"end":{"line":25,"column":null}},"type":"binary-expr","locations":[{"start":{"line":25,"column":9},"end":{"line":25,"column":33}},{"start":{"line":25,"column":37},"end":{"line":25,"column":null}}],"line":25},"2":{"loc":{"start":{"line":74,"column":2},"end":{"line":74,"column":null}},"type":"if","locations":[{"start":{"line":74,"column":2},"end":{"line":74,"column":null}},{"start":{},"end":{}}],"line":74},"3":{"loc":{"start":{"line":83,"column":9},"end":{"line":83,"column":null}},"type":"binary-expr","locations":[{"start":{"line":83,"column":9},"end":{"line":83,"column":32}},{"start":{"line":83,"column":32},"end":{"line":83,"column":null}}],"line":83},"4":{"loc":{"start":{"line":97,"column":9},"end":{"line":97,"column":null}},"type":"binary-expr","locations":[{"start":{"line":97,"column":9},"end":{"line":97,"column":32}},{"start":{"line":97,"column":36},"end":{"line":97,"column":null}}],"line":97},"5":{"loc":{"start":{"line":115,"column":2},"end":{"line":115,"column":null}},"type":"if","locations":[{"start":{"line":115,"column":2},"end":{"line":115,"column":null}},{"start":{},"end":{}}],"line":115},"6":{"loc":{"start":{"line":116,"column":2},"end":{"line":116,"column":null}},"type":"if","locations":[{"start":{"line":116,"column":2},"end":{"line":116,"column":null}},{"start":{},"end":{}}],"line":116},"7":{"loc":{"start":{"line":116,"column":6},"end":{"line":116,"column":51}},"type":"binary-expr","locations":[{"start":{"line":116,"column":6},"end":{"line":116,"column":32}},{"start":{"line":116,"column":32},"end":{"line":116,"column":51}}],"line":116},"8":{"loc":{"start":{"line":131,"column":9},"end":{"line":131,"column":null}},"type":"binary-expr","locations":[{"start":{"line":131,"column":9},"end":{"line":131,"column":35}},{"start":{"line":131,"column":39},"end":{"line":131,"column":null}}],"line":131}},"s":{"0":0,"1":0,"2":0,"3":0,"4":0,"5":0,"6":0,"7":0,"8":0,"9":0,"10":0,"11":0,"12":0,"13":0,"14":0,"15":0,"16":0,"17":0,"18":0,"19":0,"20":0},"f":{"0":0,"1":0,"2":0,"3":0,"4":0,"5":0,"6":0},"b":{"0":[0,0],"1":[0,0],"2":[0,0],"3":[0,0],"4":[0,0],"5":[0,0],"6":[0,0],"7":[0,0],"8":[0,0]},"meta":{"lastBranch":9,"lastFunction":7,"lastStatement":21,"seen":{"f:14:16:14:35":0,"b:15:2:15:Infinity:undefined:undefined:undefined:undefined":0,"s:15:2:15:Infinity":0,"s:15:23:15:Infinity":1,"s:17:52:23:Infinity":2,"s:25:2:25:Infinity":3,"b:25:9:25:33:25:37:25:Infinity":1,"f:31:16:31:42":1,"s:32:16:32:Infinity":4,"s:34:90:65:Infinity":5,"s:67:2:67:Infinity":6,"f:73:16:73:34":2,"b:74:2:74:Infinity:undefined:undefined:undefined:undefined":2,"s:74:2:74:Infinity":7,"s:74:23:74:Infinity":8,"s:76:51:81:Infinity":9,"s:83:2:83:Infinity":10,"b:83:9:83:32:83:32:83:Infinity":3,"f:89:16:89:41":3,"s:90:42:95:Infinity":11,"s:97:2:97:Infinity":12,"b:97:9:97:32:97:36:97:Infinity":4,"f:103:16:103:40":4,"s:104:2:108:Infinity":13,"f:114:16:114:33":5,"b:115:2:115:Infinity:undefined:undefined:undefined:undefined":5,"s:115:2:115:Infinity":14,"s:115:18:115:Infinity":15,"b:116:2:116:Infinity:undefined:undefined:undefined:undefined":6,"s:116:2:116:Infinity":16,"b:116:6:116:32:116:32:116:51":7,"s:116:51:116:Infinity":17,"s:117:2:117:Infinity":18,"f:123:16:123:39":6,"s:124:45:129:Infinity":19,"s:131:2:131:Infinity":20,"b:131:9:131:35:131:39:131:Infinity":8}}}
,"/Users/jirihermann/Documents/workspace-fullstack/visualizer-for-coroutines/frontend/src/lib/query-client.ts": {"path":"/Users/jirihermann/Documents/workspace-fullstack/visualizer-for-coroutines/frontend/src/lib/query-client.ts","statementMap":{"0":{"start":{"line":3,"column":27},"end":{"line":11,"column":null}}},"fnMap":{},"branchMap":{},"s":{"0":0},"f":{},"b":{},"meta":{"lastBranch":0,"lastFunction":0,"lastStatement":1,"seen":{"s:3:27:11:Infinity":0}}}
,"/Users/jirihermann/Documents/workspace-fullstack/visualizer-for-coroutines/frontend/src/lib/utils.ts": {"path":"/Users/jirihermann/Documents/workspace-fullstack/visualizer-for-coroutines/frontend/src/lib/utils.ts","statementMap":{"0":{"start":{"line":6,"column":2},"end":{"line":6,"column":null}},"1":{"start":{"line":14,"column":57},"end":{"line":32,"column":null}},"2":{"start":{"line":38,"column":2},"end":{"line":38,"column":null}},"3":{"start":{"line":47,"column":2},"end":{"line":49,"column":null}},"4":{"start":{"line":48,"column":4},"end":{"line":48,"column":null}},"5":{"start":{"line":52,"column":2},"end":{"line":57,"column":null}},"6":{"start":{"line":53,"column":23},"end":{"line":53,"column":null}},"7":{"start":{"line":54,"column":4},"end":{"line":54,"column":null}},"8":{"start":{"line":55,"column":4},"end":{"line":55,"column":null}},"9":{"start":{"line":56,"column":4},"end":{"line":56,"column":null}},"10":{"start":{"line":59,"column":2},"end":{"line":59,"column":null}},"11":{"start":{"line":66,"column":2},"end":{"line":66,"column":null}},"12":{"start":{"line":70,"column":13},"end":{"line":70,"column":null}},"13":{"start":{"line":71,"column":2},"end":{"line":73,"column":null}},"14":{"start":{"line":72,"column":4},"end":{"line":72,"column":null}},"15":{"start":{"line":74,"column":2},"end":{"line":74,"column":null}},"16":{"start":{"line":78,"column":18},"end":{"line":78,"column":null}},"17":{"start":{"line":79,"column":2},"end":{"line":79,"column":null}},"18":{"start":{"line":83,"column":18},"end":{"line":83,"column":null}},"19":{"start":{"line":83,"column":41},"end":{"line":83,"column":null}},"20":{"start":{"line":84,"column":30},"end":{"line":84,"column":32}},"21":{"start":{"line":86,"column":2},"end":{"line":92,"column":null}},"22":{"start":{"line":87,"column":4},"end":{"line":91,"column":null}},"23":{"start":{"line":88,"column":6},"end":{"line":88,"column":null}},"24":{"start":{"line":90,"column":6},"end":{"line":90,"column":null}},"25":{"start":{"line":94,"column":2},"end":{"line":94,"column":null}}},"fnMap":{"0":{"name":"cn","decl":{"start":{"line":5,"column":16},"end":{"line":5,"column":19}},"loc":{"start":{"line":5,"column":42},"end":{"line":7,"column":null}},"line":5},"1":{"name":"eventTypeToKind","decl":{"start":{"line":37,"column":16},"end":{"line":37,"column":32}},"loc":{"start":{"line":37,"column":44},"end":{"line":39,"column":null}},"line":37},"2":{"name":"normalizeEvent","decl":{"start":{"line":45,"column":16},"end":{"line":45,"column":31}},"loc":{"start":{"line":45,"column":41},"end":{"line":60,"column":null}},"line":45},"3":{"name":"normalizeEvents","decl":{"start":{"line":65,"column":16},"end":{"line":65,"column":32}},"loc":{"start":{"line":65,"column":45},"end":{"line":67,"column":null}},"line":65},"4":{"name":"formatNanoTime","decl":{"start":{"line":69,"column":16},"end":{"line":69,"column":31}},"loc":{"start":{"line":69,"column":44},"end":{"line":75,"column":null}},"line":69},"5":{"name":"formatRelativeTime","decl":{"start":{"line":77,"column":16},"end":{"line":77,"column":35}},"loc":{"start":{"line":77,"column":67},"end":{"line":80,"column":null}},"line":77},"6":{"name":"buildCoroutineTree","decl":{"start":{"line":82,"column":16},"end":{"line":82,"column":35}},"loc":{"start":{"line":82,"column":88},"end":{"line":95,"column":null}},"line":82},"7":{"name":"(anonymous_7)","decl":{"start":{"line":83,"column":36},"end":{"line":83,"column":41}},"loc":{"start":{"line":83,"column":41},"end":{"line":83,"column":null}},"line":83},"8":{"name":"(anonymous_8)","decl":{"start":{"line":86,"column":16},"end":{"line":86,"column":null}},"loc":{"start":{"line":86,"column":16},"end":{"line":92,"column":null}},"line":86}},"branchMap":{"0":{"loc":{"start":{"line":38,"column":9},"end":{"line":38,"column":null}},"type":"binary-expr","locations":[{"start":{"line":38,"column":9},"end":{"line":38,"column":33}},{"start":{"line":38,"column":37},"end":{"line":38,"column":null}}],"line":38},"1":{"loc":{"start":{"line":47,"column":2},"end":{"line":49,"column":null}},"type":"if","locations":[{"start":{"line":47,"column":2},"end":{"line":49,"column":null}},{"start":{},"end":{}}],"line":47},"2":{"loc":{"start":{"line":52,"column":2},"end":{"line":57,"column":null}},"type":"if","locations":[{"start":{"line":52,"column":2},"end":{"line":57,"column":null}},{"start":{},"end":{}}],"line":52},"3":{"loc":{"start":{"line":71,"column":2},"end":{"line":73,"column":null}},"type":"if","locations":[{"start":{"line":71,"column":2},"end":{"line":73,"column":null}},{"start":{},"end":{}}],"line":71},"4":{"loc":{"start":{"line":87,"column":4},"end":{"line":91,"column":null}},"type":"if","locations":[{"start":{"line":87,"column":4},"end":{"line":91,"column":null}},{"start":{"line":89,"column":11},"end":{"line":91,"column":null}}],"line":87},"5":{"loc":{"start":{"line":87,"column":8},"end":{"line":87,"column":53}},"type":"binary-expr","locations":[{"start":{"line":87,"column":8},"end":{"line":87,"column":21}},{"start":{"line":87,"column":25},"end":{"line":87,"column":53}}],"line":87}},"s":{"0":0,"1":1,"2":0,"3":1,"4":1,"5":0,"6":0,"7":0,"8":0,"9":0,"10":0,"11":2,"12":0,"13":0,"14":0,"15":0,"16":0,"17":0,"18":0,"19":0,"20":0,"21":0,"22":0,"23":0,"24":0,"25":0},"f":{"0":0,"1":0,"2":1,"3":2,"4":0,"5":0,"6":0,"7":0,"8":0},"b":{"0":[0,0],"1":[1,0],"2":[0,0],"3":[0,0],"4":[0,0],"5":[0,0]},"meta":{"lastBranch":6,"lastFunction":9,"lastStatement":26,"seen":{"f:5:16:5:19":0,"s:6:2:6:Infinity":0,"s:14:57:32:Infinity":1,"f:37:16:37:32":1,"s:38:2:38:Infinity":2,"b:38:9:38:33:38:37:38:Infinity":0,"f:45:16:45:31":2,"b:47:2:49:Infinity:undefined:undefined:undefined:undefined":1,"s:47:2:49:Infinity":3,"s:48:4:48:Infinity":4,"b:52:2:57:Infinity:undefined:undefined:undefined:undefined":2,"s:52:2:57:Infinity":5,"s:53:23:53:Infinity":6,"s:54:4:54:Infinity":7,"s:55:4:55:Infinity":8,"s:56:4:56:Infinity":9,"s:59:2:59:Infinity":10,"f:65:16:65:32":3,"s:66:2:66:Infinity":11,"f:69:16:69:31":4,"s:70:13:70:Infinity":12,"b:71:2:73:Infinity:undefined:undefined:undefined:undefined":3,"s:71:2:73:Infinity":13,"s:72:4:72:Infinity":14,"s:74:2:74:Infinity":15,"f:77:16:77:35":5,"s:78:18:78:Infinity":16,"s:79:2:79:Infinity":17,"f:82:16:82:35":6,"s:83:18:83:Infinity":18,"f:83:36:83:41":7,"s:83:41:83:Infinity":19,"s:84:30:84:32":20,"s:86:2:92:Infinity":21,"f:86:16:86:Infinity":8,"b:87:4:91:Infinity:89:11:91:Infinity":4,"s:87:4:91:Infinity":22,"b:87:8:87:21:87:25:87:53":5,"s:88:6:88:Infinity":23,"s:90:6:90:Infinity":24,"s:94:2:94:Infinity":25}}}
}
